ARM GAS  C:\Users\ZongYo\AppData\Local\Temp\ccqPAFfO.s 			page 1


   1              		.cpu cortex-m4
   2              		.arch armv7e-m
   3              		.fpu fpv4-sp-d16
   4              		.eabi_attribute 27, 1
   5              		.eabi_attribute 28, 1
   6              		.eabi_attribute 20, 1
   7              		.eabi_attribute 21, 1
   8              		.eabi_attribute 23, 3
   9              		.eabi_attribute 24, 1
  10              		.eabi_attribute 25, 1
  11              		.eabi_attribute 26, 1
  12              		.eabi_attribute 30, 1
  13              		.eabi_attribute 34, 1
  14              		.eabi_attribute 18, 4
  15              		.file	"main.c"
  16              		.text
  17              	.Ltext0:
  18              		.cfi_sections	.debug_frame
  19              		.section	.text.Error_Handler,"ax",%progbits
  20              		.align	1
  21              		.global	Error_Handler
  22              		.syntax unified
  23              		.thumb
  24              		.thumb_func
  26              	Error_Handler:
  27              	.LFB240:
  28              		.file 1 "Core/Src/main.c"
   1:Core/Src/main.c **** /* USER CODE BEGIN Header */
   2:Core/Src/main.c **** /**
   3:Core/Src/main.c ****   ******************************************************************************
   4:Core/Src/main.c ****   * @file           : main.c
   5:Core/Src/main.c ****   * @brief          : Main program body
   6:Core/Src/main.c ****   ******************************************************************************
   7:Core/Src/main.c ****   * @attention
   8:Core/Src/main.c ****   *
   9:Core/Src/main.c ****   * Copyright (c) 2023 STMicroelectronics.
  10:Core/Src/main.c ****   * All rights reserved.
  11:Core/Src/main.c ****   *
  12:Core/Src/main.c ****   * This software is licensed under terms that can be found in the LICENSE file
  13:Core/Src/main.c ****   * in the root directory of this software component.
  14:Core/Src/main.c ****   * If no LICENSE file comes with this software, it is provided AS-IS.
  15:Core/Src/main.c ****   *
  16:Core/Src/main.c ****   ******************************************************************************
  17:Core/Src/main.c ****   */
  18:Core/Src/main.c **** /* USER CODE END Header */
  19:Core/Src/main.c **** /* Includes ------------------------------------------------------------------*/
  20:Core/Src/main.c **** #include "main.h"
  21:Core/Src/main.c **** #include "adc.h"
  22:Core/Src/main.c **** #include "dma.h"
  23:Core/Src/main.c **** #include "spi.h"
  24:Core/Src/main.c **** #include "tim.h"
  25:Core/Src/main.c **** #include "usart.h"
  26:Core/Src/main.c **** #include "gpio.h"
  27:Core/Src/main.c **** 
  28:Core/Src/main.c **** /* Private includes ----------------------------------------------------------*/
  29:Core/Src/main.c **** /* USER CODE BEGIN Includes */
  30:Core/Src/main.c **** #include <stdio.h>
ARM GAS  C:\Users\ZongYo\AppData\Local\Temp\ccqPAFfO.s 			page 2


  31:Core/Src/main.c **** #include <string.h>
  32:Core/Src/main.c **** #include "fir.h"
  33:Core/Src/main.c **** /* USER CODE END Includes */
  34:Core/Src/main.c **** 
  35:Core/Src/main.c **** /* Private typedef -----------------------------------------------------------*/
  36:Core/Src/main.c **** /* USER CODE BEGIN PTD */
  37:Core/Src/main.c **** 
  38:Core/Src/main.c **** /* USER CODE END PTD */
  39:Core/Src/main.c **** 
  40:Core/Src/main.c **** /* Private define ------------------------------------------------------------*/
  41:Core/Src/main.c **** /* USER CODE BEGIN PD */
  42:Core/Src/main.c **** /* USER CODE END PD */
  43:Core/Src/main.c **** 
  44:Core/Src/main.c **** /* Private macro -------------------------------------------------------------*/
  45:Core/Src/main.c **** /* USER CODE BEGIN PM */
  46:Core/Src/main.c **** 
  47:Core/Src/main.c **** /* USER CODE END PM */
  48:Core/Src/main.c **** 
  49:Core/Src/main.c **** /* Private variables ---------------------------------------------------------*/
  50:Core/Src/main.c **** 
  51:Core/Src/main.c **** /* USER CODE BEGIN PV */
  52:Core/Src/main.c **** 
  53:Core/Src/main.c **** /* USER CODE END PV */
  54:Core/Src/main.c **** 
  55:Core/Src/main.c **** /* Private function prototypes -----------------------------------------------*/
  56:Core/Src/main.c **** void SystemClock_Config(void);
  57:Core/Src/main.c **** /* USER CODE BEGIN PFP */
  58:Core/Src/main.c **** 
  59:Core/Src/main.c **** /* USER CODE END PFP */
  60:Core/Src/main.c **** 
  61:Core/Src/main.c **** /* Private user code ---------------------------------------------------------*/
  62:Core/Src/main.c **** /* USER CODE BEGIN 0 */
  63:Core/Src/main.c **** 
  64:Core/Src/main.c **** /* USER CODE END 0 */
  65:Core/Src/main.c **** 
  66:Core/Src/main.c **** /**
  67:Core/Src/main.c ****   * @brief  The application entry point.
  68:Core/Src/main.c ****   * @retval int
  69:Core/Src/main.c ****   */
  70:Core/Src/main.c **** int main(void)
  71:Core/Src/main.c **** {
  72:Core/Src/main.c ****   /* USER CODE BEGIN 1 */
  73:Core/Src/main.c **** 
  74:Core/Src/main.c ****   /* USER CODE END 1 */
  75:Core/Src/main.c **** 
  76:Core/Src/main.c ****   /* MCU Configuration--------------------------------------------------------*/
  77:Core/Src/main.c **** 
  78:Core/Src/main.c ****   /* Reset of all peripherals, Initializes the Flash interface and the Systick. */
  79:Core/Src/main.c ****   HAL_Init();
  80:Core/Src/main.c **** 
  81:Core/Src/main.c ****   /* USER CODE BEGIN Init */
  82:Core/Src/main.c **** 
  83:Core/Src/main.c ****   /* USER CODE END Init */
  84:Core/Src/main.c **** 
  85:Core/Src/main.c ****   /* Configure the system clock */
  86:Core/Src/main.c ****   SystemClock_Config();
  87:Core/Src/main.c **** 
ARM GAS  C:\Users\ZongYo\AppData\Local\Temp\ccqPAFfO.s 			page 3


  88:Core/Src/main.c ****   /* USER CODE BEGIN SysInit */
  89:Core/Src/main.c **** 
  90:Core/Src/main.c ****   /* USER CODE END SysInit */
  91:Core/Src/main.c **** 
  92:Core/Src/main.c ****   /* Initialize all configured peripherals */
  93:Core/Src/main.c ****   MX_GPIO_Init();
  94:Core/Src/main.c ****   MX_DMA_Init();
  95:Core/Src/main.c ****   MX_SPI2_Init();
  96:Core/Src/main.c ****   MX_USART2_UART_Init();
  97:Core/Src/main.c ****   MX_ADC1_Init();
  98:Core/Src/main.c ****   MX_ADC2_Init();
  99:Core/Src/main.c ****   MX_ADC3_Init();
 100:Core/Src/main.c ****   MX_TIM3_Init();
 101:Core/Src/main.c ****   /* USER CODE BEGIN 2 */
 102:Core/Src/main.c ****   HAL_SPI_MspInit(&hspi2);
 103:Core/Src/main.c ****   uint8_t buf[40];
 104:Core/Src/main.c ****   HAL_TIM_PWM_Start(&htim3 , TIM_CHANNEL_1);
 105:Core/Src/main.c ****   HAL_TIM_PWM_Start(&htim3 , TIM_CHANNEL_2);
 106:Core/Src/main.c ****   HAL_TIM_PWM_Start(&htim3 , TIM_CHANNEL_3);
 107:Core/Src/main.c ****   HAL_TIM_PWM_Start(&htim3 , TIM_CHANNEL_4);
 108:Core/Src/main.c ****   
 109:Core/Src/main.c **** 
 110:Core/Src/main.c **** 
 111:Core/Src/main.c ****   uint16_t ADC_ch1[4]={0};
 112:Core/Src/main.c ****   HAL_ADC_Start_DMA(&hadc1,(uint32_t *)ADC_ch1,4);
 113:Core/Src/main.c ****   uint16_t ADC_ch2[4]={0};
 114:Core/Src/main.c ****   HAL_ADC_Start_DMA(&hadc2,(uint32_t *)ADC_ch2,4);
 115:Core/Src/main.c ****   uint16_t ADC_ch3[4]={0};
 116:Core/Src/main.c ****   HAL_ADC_Start_DMA(&hadc3,(uint32_t *)ADC_ch3,4);
 117:Core/Src/main.c **** 
 118:Core/Src/main.c ****   /* USER CODE END 2 */
 119:Core/Src/main.c **** 
 120:Core/Src/main.c ****   /* Infinite loop */
 121:Core/Src/main.c ****   /* USER CODE BEGIN WHILE */
 122:Core/Src/main.c ****   uint16_t encoder_cmd , encoder_deg;
 123:Core/Src/main.c ****   
 124:Core/Src/main.c ****   
 125:Core/Src/main.c ****   int i=0;
 126:Core/Src/main.c ****   float k=3.3/4096;
 127:Core/Src/main.c ****   while (1)
 128:Core/Src/main.c ****   {
 129:Core/Src/main.c ****     i++;
 130:Core/Src/main.c ****     encoder_cmd=0x7fff;
 131:Core/Src/main.c ****     uint16_t temp[3]={0};
 132:Core/Src/main.c ****     float voltage[3]={0};
 133:Core/Src/main.c **** 
 134:Core/Src/main.c ****     temp[2]=avg_fliter16_t(ADC_ch3,4);
 135:Core/Src/main.c ****     temp[0]=avg_fliter16_t(ADC_ch1,4);
 136:Core/Src/main.c ****     temp[1]=avg_fliter16_t(ADC_ch2,4);
 137:Core/Src/main.c ****     
 138:Core/Src/main.c **** 
 139:Core/Src/main.c ****     voltage[0]=temp[0]*k;
 140:Core/Src/main.c ****     voltage[1]=temp[1]*k;
 141:Core/Src/main.c ****     voltage[2]=temp[2]*k;
 142:Core/Src/main.c ****     sprintf((char*)buf,"0:%.3f 1:%.3f 2:%.3f\r\n",voltage[0],
 143:Core/Src/main.c ****            voltage[1],voltage[2]);
 144:Core/Src/main.c ****     HAL_UART_Transmit(&huart2, buf, strlen((char*)buf), HAL_MAX_DELAY);
ARM GAS  C:\Users\ZongYo\AppData\Local\Temp\ccqPAFfO.s 			page 4


 145:Core/Src/main.c ****     
 146:Core/Src/main.c ****     HAL_SPI_TransmitReceive(&hspi2,(uint8_t*)&encoder_cmd,(uint8_t*)&encoder_deg,1,10);
 147:Core/Src/main.c ****     HAL_Delay(10);
 148:Core/Src/main.c **** 
 149:Core/Src/main.c ****     //HAL_GPIO_WritePin(GPIOC,GPIO_PIN_3,GPIO_PIN_RESET);
 150:Core/Src/main.c ****     
 151:Core/Src/main.c ****     //HAL_GPIO_WritePin(GPIOC,GPIO_PIN_3,GPIO_PIN_SET);
 152:Core/Src/main.c **** 
 153:Core/Src/main.c ****     //int i = 0;
 154:Core/Src/main.c ****     /*
 155:Core/Src/main.c ****     while (i<100)
 156:Core/Src/main.c ****     {
 157:Core/Src/main.c ****       i++;
 158:Core/Src/main.c ****       __HAL_TIM_SET_COMPARE(&htim3,TIM_CHANNEL_2,i*10);
 159:Core/Src/main.c ****       HAL_Delay(10);
 160:Core/Src/main.c ****     }
 161:Core/Src/main.c ****     while(i>0){
 162:Core/Src/main.c ****       i--;
 163:Core/Src/main.c **** 
 164:Core/Src/main.c ****       __HAL_TIM_SET_COMPARE(&htim3,TIM_CHANNEL_2,i*10);
 165:Core/Src/main.c ****       HAL_Delay(10);
 166:Core/Src/main.c ****     }
 167:Core/Src/main.c ****     */
 168:Core/Src/main.c ****     /* USER CODE END WHILE */
 169:Core/Src/main.c **** 
 170:Core/Src/main.c ****     /* USER CODE BEGIN 3 */
 171:Core/Src/main.c ****   }
 172:Core/Src/main.c ****   /* USER CODE END 3 */
 173:Core/Src/main.c **** }
 174:Core/Src/main.c **** 
 175:Core/Src/main.c **** /**
 176:Core/Src/main.c ****   * @brief System Clock Configuration
 177:Core/Src/main.c ****   * @retval None
 178:Core/Src/main.c ****   */
 179:Core/Src/main.c **** void SystemClock_Config(void)
 180:Core/Src/main.c **** {
 181:Core/Src/main.c ****   RCC_OscInitTypeDef RCC_OscInitStruct = {0};
 182:Core/Src/main.c ****   RCC_ClkInitTypeDef RCC_ClkInitStruct = {0};
 183:Core/Src/main.c **** 
 184:Core/Src/main.c ****   /** Configure the main internal regulator output voltage
 185:Core/Src/main.c ****   */
 186:Core/Src/main.c ****   __HAL_RCC_PWR_CLK_ENABLE();
 187:Core/Src/main.c ****   __HAL_PWR_VOLTAGESCALING_CONFIG(PWR_REGULATOR_VOLTAGE_SCALE2);
 188:Core/Src/main.c **** 
 189:Core/Src/main.c ****   /** Initializes the RCC Oscillators according to the specified parameters
 190:Core/Src/main.c ****   * in the RCC_OscInitTypeDef structure.
 191:Core/Src/main.c ****   */
 192:Core/Src/main.c ****   RCC_OscInitStruct.OscillatorType = RCC_OSCILLATORTYPE_HSI;
 193:Core/Src/main.c ****   RCC_OscInitStruct.HSIState = RCC_HSI_ON;
 194:Core/Src/main.c ****   RCC_OscInitStruct.HSICalibrationValue = RCC_HSICALIBRATION_DEFAULT;
 195:Core/Src/main.c ****   RCC_OscInitStruct.PLL.PLLState = RCC_PLL_ON;
 196:Core/Src/main.c ****   RCC_OscInitStruct.PLL.PLLSource = RCC_PLLSOURCE_HSI;
 197:Core/Src/main.c ****   RCC_OscInitStruct.PLL.PLLM = 8;
 198:Core/Src/main.c ****   RCC_OscInitStruct.PLL.PLLN = 128;
 199:Core/Src/main.c ****   RCC_OscInitStruct.PLL.PLLP = RCC_PLLP_DIV2;
 200:Core/Src/main.c ****   RCC_OscInitStruct.PLL.PLLQ = 2;
 201:Core/Src/main.c ****   RCC_OscInitStruct.PLL.PLLR = 2;
ARM GAS  C:\Users\ZongYo\AppData\Local\Temp\ccqPAFfO.s 			page 5


 202:Core/Src/main.c ****   if (HAL_RCC_OscConfig(&RCC_OscInitStruct) != HAL_OK)
 203:Core/Src/main.c ****   {
 204:Core/Src/main.c ****     Error_Handler();
 205:Core/Src/main.c ****   }
 206:Core/Src/main.c **** 
 207:Core/Src/main.c ****   /** Initializes the CPU, AHB and APB buses clocks
 208:Core/Src/main.c ****   */
 209:Core/Src/main.c ****   RCC_ClkInitStruct.ClockType = RCC_CLOCKTYPE_HCLK|RCC_CLOCKTYPE_SYSCLK
 210:Core/Src/main.c ****                               |RCC_CLOCKTYPE_PCLK1|RCC_CLOCKTYPE_PCLK2;
 211:Core/Src/main.c ****   RCC_ClkInitStruct.SYSCLKSource = RCC_SYSCLKSOURCE_PLLCLK;
 212:Core/Src/main.c ****   RCC_ClkInitStruct.AHBCLKDivider = RCC_SYSCLK_DIV1;
 213:Core/Src/main.c ****   RCC_ClkInitStruct.APB1CLKDivider = RCC_HCLK_DIV4;
 214:Core/Src/main.c ****   RCC_ClkInitStruct.APB2CLKDivider = RCC_HCLK_DIV2;
 215:Core/Src/main.c **** 
 216:Core/Src/main.c ****   if (HAL_RCC_ClockConfig(&RCC_ClkInitStruct, FLASH_LATENCY_4) != HAL_OK)
 217:Core/Src/main.c ****   {
 218:Core/Src/main.c ****     Error_Handler();
 219:Core/Src/main.c ****   }
 220:Core/Src/main.c **** }
 221:Core/Src/main.c **** 
 222:Core/Src/main.c **** /* USER CODE BEGIN 4 */
 223:Core/Src/main.c **** 
 224:Core/Src/main.c **** /* USER CODE END 4 */
 225:Core/Src/main.c **** 
 226:Core/Src/main.c **** /**
 227:Core/Src/main.c ****   * @brief  This function is executed in case of error occurrence.
 228:Core/Src/main.c ****   * @retval None
 229:Core/Src/main.c ****   */
 230:Core/Src/main.c **** void Error_Handler(void)
 231:Core/Src/main.c **** {
  29              		.loc 1 231 1 view -0
  30              		.cfi_startproc
  31              		@ Volatile: function does not return.
  32              		@ args = 0, pretend = 0, frame = 0
  33              		@ frame_needed = 0, uses_anonymous_args = 0
  34              		@ link register save eliminated.
 232:Core/Src/main.c ****   /* USER CODE BEGIN Error_Handler_Debug */
 233:Core/Src/main.c ****   /* User can add his own implementation to report the HAL error return state */
 234:Core/Src/main.c ****   __disable_irq();
  35              		.loc 1 234 3 view .LVU1
  36              	.LBB4:
  37              	.LBI4:
  38              		.file 2 "Drivers/CMSIS/Include/cmsis_gcc.h"
   1:Drivers/CMSIS/Include/cmsis_gcc.h **** /**************************************************************************//**
   2:Drivers/CMSIS/Include/cmsis_gcc.h ****  * @file     cmsis_gcc.h
   3:Drivers/CMSIS/Include/cmsis_gcc.h ****  * @brief    CMSIS compiler GCC header file
   4:Drivers/CMSIS/Include/cmsis_gcc.h ****  * @version  V5.0.4
   5:Drivers/CMSIS/Include/cmsis_gcc.h ****  * @date     09. April 2018
   6:Drivers/CMSIS/Include/cmsis_gcc.h ****  ******************************************************************************/
   7:Drivers/CMSIS/Include/cmsis_gcc.h **** /*
   8:Drivers/CMSIS/Include/cmsis_gcc.h ****  * Copyright (c) 2009-2018 Arm Limited. All rights reserved.
   9:Drivers/CMSIS/Include/cmsis_gcc.h ****  *
  10:Drivers/CMSIS/Include/cmsis_gcc.h ****  * SPDX-License-Identifier: Apache-2.0
  11:Drivers/CMSIS/Include/cmsis_gcc.h ****  *
  12:Drivers/CMSIS/Include/cmsis_gcc.h ****  * Licensed under the Apache License, Version 2.0 (the License); you may
  13:Drivers/CMSIS/Include/cmsis_gcc.h ****  * not use this file except in compliance with the License.
  14:Drivers/CMSIS/Include/cmsis_gcc.h ****  * You may obtain a copy of the License at
ARM GAS  C:\Users\ZongYo\AppData\Local\Temp\ccqPAFfO.s 			page 6


  15:Drivers/CMSIS/Include/cmsis_gcc.h ****  *
  16:Drivers/CMSIS/Include/cmsis_gcc.h ****  * www.apache.org/licenses/LICENSE-2.0
  17:Drivers/CMSIS/Include/cmsis_gcc.h ****  *
  18:Drivers/CMSIS/Include/cmsis_gcc.h ****  * Unless required by applicable law or agreed to in writing, software
  19:Drivers/CMSIS/Include/cmsis_gcc.h ****  * distributed under the License is distributed on an AS IS BASIS, WITHOUT
  20:Drivers/CMSIS/Include/cmsis_gcc.h ****  * WARRANTIES OR CONDITIONS OF ANY KIND, either express or implied.
  21:Drivers/CMSIS/Include/cmsis_gcc.h ****  * See the License for the specific language governing permissions and
  22:Drivers/CMSIS/Include/cmsis_gcc.h ****  * limitations under the License.
  23:Drivers/CMSIS/Include/cmsis_gcc.h ****  */
  24:Drivers/CMSIS/Include/cmsis_gcc.h **** 
  25:Drivers/CMSIS/Include/cmsis_gcc.h **** #ifndef __CMSIS_GCC_H
  26:Drivers/CMSIS/Include/cmsis_gcc.h **** #define __CMSIS_GCC_H
  27:Drivers/CMSIS/Include/cmsis_gcc.h **** 
  28:Drivers/CMSIS/Include/cmsis_gcc.h **** /* ignore some GCC warnings */
  29:Drivers/CMSIS/Include/cmsis_gcc.h **** #pragma GCC diagnostic push
  30:Drivers/CMSIS/Include/cmsis_gcc.h **** #pragma GCC diagnostic ignored "-Wsign-conversion"
  31:Drivers/CMSIS/Include/cmsis_gcc.h **** #pragma GCC diagnostic ignored "-Wconversion"
  32:Drivers/CMSIS/Include/cmsis_gcc.h **** #pragma GCC diagnostic ignored "-Wunused-parameter"
  33:Drivers/CMSIS/Include/cmsis_gcc.h **** 
  34:Drivers/CMSIS/Include/cmsis_gcc.h **** /* Fallback for __has_builtin */
  35:Drivers/CMSIS/Include/cmsis_gcc.h **** #ifndef __has_builtin
  36:Drivers/CMSIS/Include/cmsis_gcc.h ****   #define __has_builtin(x) (0)
  37:Drivers/CMSIS/Include/cmsis_gcc.h **** #endif
  38:Drivers/CMSIS/Include/cmsis_gcc.h **** 
  39:Drivers/CMSIS/Include/cmsis_gcc.h **** /* CMSIS compiler specific defines */
  40:Drivers/CMSIS/Include/cmsis_gcc.h **** #ifndef   __ASM
  41:Drivers/CMSIS/Include/cmsis_gcc.h ****   #define __ASM                                  __asm
  42:Drivers/CMSIS/Include/cmsis_gcc.h **** #endif
  43:Drivers/CMSIS/Include/cmsis_gcc.h **** #ifndef   __INLINE
  44:Drivers/CMSIS/Include/cmsis_gcc.h ****   #define __INLINE                               inline
  45:Drivers/CMSIS/Include/cmsis_gcc.h **** #endif
  46:Drivers/CMSIS/Include/cmsis_gcc.h **** #ifndef   __STATIC_INLINE
  47:Drivers/CMSIS/Include/cmsis_gcc.h ****   #define __STATIC_INLINE                        static inline
  48:Drivers/CMSIS/Include/cmsis_gcc.h **** #endif
  49:Drivers/CMSIS/Include/cmsis_gcc.h **** #ifndef   __STATIC_FORCEINLINE                 
  50:Drivers/CMSIS/Include/cmsis_gcc.h ****   #define __STATIC_FORCEINLINE                   __attribute__((always_inline)) static inline
  51:Drivers/CMSIS/Include/cmsis_gcc.h **** #endif                                           
  52:Drivers/CMSIS/Include/cmsis_gcc.h **** #ifndef   __NO_RETURN
  53:Drivers/CMSIS/Include/cmsis_gcc.h ****   #define __NO_RETURN                            __attribute__((__noreturn__))
  54:Drivers/CMSIS/Include/cmsis_gcc.h **** #endif
  55:Drivers/CMSIS/Include/cmsis_gcc.h **** #ifndef   __USED
  56:Drivers/CMSIS/Include/cmsis_gcc.h ****   #define __USED                                 __attribute__((used))
  57:Drivers/CMSIS/Include/cmsis_gcc.h **** #endif
  58:Drivers/CMSIS/Include/cmsis_gcc.h **** #ifndef   __WEAK
  59:Drivers/CMSIS/Include/cmsis_gcc.h ****   #define __WEAK                                 __attribute__((weak))
  60:Drivers/CMSIS/Include/cmsis_gcc.h **** #endif
  61:Drivers/CMSIS/Include/cmsis_gcc.h **** #ifndef   __PACKED
  62:Drivers/CMSIS/Include/cmsis_gcc.h ****   #define __PACKED                               __attribute__((packed, aligned(1)))
  63:Drivers/CMSIS/Include/cmsis_gcc.h **** #endif
  64:Drivers/CMSIS/Include/cmsis_gcc.h **** #ifndef   __PACKED_STRUCT
  65:Drivers/CMSIS/Include/cmsis_gcc.h ****   #define __PACKED_STRUCT                        struct __attribute__((packed, aligned(1)))
  66:Drivers/CMSIS/Include/cmsis_gcc.h **** #endif
  67:Drivers/CMSIS/Include/cmsis_gcc.h **** #ifndef   __PACKED_UNION
  68:Drivers/CMSIS/Include/cmsis_gcc.h ****   #define __PACKED_UNION                         union __attribute__((packed, aligned(1)))
  69:Drivers/CMSIS/Include/cmsis_gcc.h **** #endif
  70:Drivers/CMSIS/Include/cmsis_gcc.h **** #ifndef   __UNALIGNED_UINT32        /* deprecated */
  71:Drivers/CMSIS/Include/cmsis_gcc.h ****   #pragma GCC diagnostic push
ARM GAS  C:\Users\ZongYo\AppData\Local\Temp\ccqPAFfO.s 			page 7


  72:Drivers/CMSIS/Include/cmsis_gcc.h ****   #pragma GCC diagnostic ignored "-Wpacked"
  73:Drivers/CMSIS/Include/cmsis_gcc.h ****   #pragma GCC diagnostic ignored "-Wattributes"
  74:Drivers/CMSIS/Include/cmsis_gcc.h ****   struct __attribute__((packed)) T_UINT32 { uint32_t v; };
  75:Drivers/CMSIS/Include/cmsis_gcc.h ****   #pragma GCC diagnostic pop
  76:Drivers/CMSIS/Include/cmsis_gcc.h ****   #define __UNALIGNED_UINT32(x)                  (((struct T_UINT32 *)(x))->v)
  77:Drivers/CMSIS/Include/cmsis_gcc.h **** #endif
  78:Drivers/CMSIS/Include/cmsis_gcc.h **** #ifndef   __UNALIGNED_UINT16_WRITE
  79:Drivers/CMSIS/Include/cmsis_gcc.h ****   #pragma GCC diagnostic push
  80:Drivers/CMSIS/Include/cmsis_gcc.h ****   #pragma GCC diagnostic ignored "-Wpacked"
  81:Drivers/CMSIS/Include/cmsis_gcc.h ****   #pragma GCC diagnostic ignored "-Wattributes"
  82:Drivers/CMSIS/Include/cmsis_gcc.h ****   __PACKED_STRUCT T_UINT16_WRITE { uint16_t v; };
  83:Drivers/CMSIS/Include/cmsis_gcc.h ****   #pragma GCC diagnostic pop
  84:Drivers/CMSIS/Include/cmsis_gcc.h ****   #define __UNALIGNED_UINT16_WRITE(addr, val)    (void)((((struct T_UINT16_WRITE *)(void *)(addr))-
  85:Drivers/CMSIS/Include/cmsis_gcc.h **** #endif
  86:Drivers/CMSIS/Include/cmsis_gcc.h **** #ifndef   __UNALIGNED_UINT16_READ
  87:Drivers/CMSIS/Include/cmsis_gcc.h ****   #pragma GCC diagnostic push
  88:Drivers/CMSIS/Include/cmsis_gcc.h ****   #pragma GCC diagnostic ignored "-Wpacked"
  89:Drivers/CMSIS/Include/cmsis_gcc.h ****   #pragma GCC diagnostic ignored "-Wattributes"
  90:Drivers/CMSIS/Include/cmsis_gcc.h ****   __PACKED_STRUCT T_UINT16_READ { uint16_t v; };
  91:Drivers/CMSIS/Include/cmsis_gcc.h ****   #pragma GCC diagnostic pop
  92:Drivers/CMSIS/Include/cmsis_gcc.h ****   #define __UNALIGNED_UINT16_READ(addr)          (((const struct T_UINT16_READ *)(const void *)(add
  93:Drivers/CMSIS/Include/cmsis_gcc.h **** #endif
  94:Drivers/CMSIS/Include/cmsis_gcc.h **** #ifndef   __UNALIGNED_UINT32_WRITE
  95:Drivers/CMSIS/Include/cmsis_gcc.h ****   #pragma GCC diagnostic push
  96:Drivers/CMSIS/Include/cmsis_gcc.h ****   #pragma GCC diagnostic ignored "-Wpacked"
  97:Drivers/CMSIS/Include/cmsis_gcc.h ****   #pragma GCC diagnostic ignored "-Wattributes"
  98:Drivers/CMSIS/Include/cmsis_gcc.h ****   __PACKED_STRUCT T_UINT32_WRITE { uint32_t v; };
  99:Drivers/CMSIS/Include/cmsis_gcc.h ****   #pragma GCC diagnostic pop
 100:Drivers/CMSIS/Include/cmsis_gcc.h ****   #define __UNALIGNED_UINT32_WRITE(addr, val)    (void)((((struct T_UINT32_WRITE *)(void *)(addr))-
 101:Drivers/CMSIS/Include/cmsis_gcc.h **** #endif
 102:Drivers/CMSIS/Include/cmsis_gcc.h **** #ifndef   __UNALIGNED_UINT32_READ
 103:Drivers/CMSIS/Include/cmsis_gcc.h ****   #pragma GCC diagnostic push
 104:Drivers/CMSIS/Include/cmsis_gcc.h ****   #pragma GCC diagnostic ignored "-Wpacked"
 105:Drivers/CMSIS/Include/cmsis_gcc.h ****   #pragma GCC diagnostic ignored "-Wattributes"
 106:Drivers/CMSIS/Include/cmsis_gcc.h ****   __PACKED_STRUCT T_UINT32_READ { uint32_t v; };
 107:Drivers/CMSIS/Include/cmsis_gcc.h ****   #pragma GCC diagnostic pop
 108:Drivers/CMSIS/Include/cmsis_gcc.h ****   #define __UNALIGNED_UINT32_READ(addr)          (((const struct T_UINT32_READ *)(const void *)(add
 109:Drivers/CMSIS/Include/cmsis_gcc.h **** #endif
 110:Drivers/CMSIS/Include/cmsis_gcc.h **** #ifndef   __ALIGNED
 111:Drivers/CMSIS/Include/cmsis_gcc.h ****   #define __ALIGNED(x)                           __attribute__((aligned(x)))
 112:Drivers/CMSIS/Include/cmsis_gcc.h **** #endif
 113:Drivers/CMSIS/Include/cmsis_gcc.h **** #ifndef   __RESTRICT
 114:Drivers/CMSIS/Include/cmsis_gcc.h ****   #define __RESTRICT                             __restrict
 115:Drivers/CMSIS/Include/cmsis_gcc.h **** #endif
 116:Drivers/CMSIS/Include/cmsis_gcc.h **** 
 117:Drivers/CMSIS/Include/cmsis_gcc.h **** 
 118:Drivers/CMSIS/Include/cmsis_gcc.h **** /* ###########################  Core Function Access  ########################### */
 119:Drivers/CMSIS/Include/cmsis_gcc.h **** /** \ingroup  CMSIS_Core_FunctionInterface
 120:Drivers/CMSIS/Include/cmsis_gcc.h ****     \defgroup CMSIS_Core_RegAccFunctions CMSIS Core Register Access Functions
 121:Drivers/CMSIS/Include/cmsis_gcc.h ****   @{
 122:Drivers/CMSIS/Include/cmsis_gcc.h ****  */
 123:Drivers/CMSIS/Include/cmsis_gcc.h **** 
 124:Drivers/CMSIS/Include/cmsis_gcc.h **** /**
 125:Drivers/CMSIS/Include/cmsis_gcc.h ****   \brief   Enable IRQ Interrupts
 126:Drivers/CMSIS/Include/cmsis_gcc.h ****   \details Enables IRQ interrupts by clearing the I-bit in the CPSR.
 127:Drivers/CMSIS/Include/cmsis_gcc.h ****            Can only be executed in Privileged modes.
 128:Drivers/CMSIS/Include/cmsis_gcc.h ****  */
ARM GAS  C:\Users\ZongYo\AppData\Local\Temp\ccqPAFfO.s 			page 8


 129:Drivers/CMSIS/Include/cmsis_gcc.h **** __STATIC_FORCEINLINE void __enable_irq(void)
 130:Drivers/CMSIS/Include/cmsis_gcc.h **** {
 131:Drivers/CMSIS/Include/cmsis_gcc.h ****   __ASM volatile ("cpsie i" : : : "memory");
 132:Drivers/CMSIS/Include/cmsis_gcc.h **** }
 133:Drivers/CMSIS/Include/cmsis_gcc.h **** 
 134:Drivers/CMSIS/Include/cmsis_gcc.h **** 
 135:Drivers/CMSIS/Include/cmsis_gcc.h **** /**
 136:Drivers/CMSIS/Include/cmsis_gcc.h ****   \brief   Disable IRQ Interrupts
 137:Drivers/CMSIS/Include/cmsis_gcc.h ****   \details Disables IRQ interrupts by setting the I-bit in the CPSR.
 138:Drivers/CMSIS/Include/cmsis_gcc.h ****            Can only be executed in Privileged modes.
 139:Drivers/CMSIS/Include/cmsis_gcc.h ****  */
 140:Drivers/CMSIS/Include/cmsis_gcc.h **** __STATIC_FORCEINLINE void __disable_irq(void)
  39              		.loc 2 140 27 view .LVU2
  40              	.LBB5:
 141:Drivers/CMSIS/Include/cmsis_gcc.h **** {
 142:Drivers/CMSIS/Include/cmsis_gcc.h ****   __ASM volatile ("cpsid i" : : : "memory");
  41              		.loc 2 142 3 view .LVU3
  42              		.syntax unified
  43              	@ 142 "Drivers/CMSIS/Include/cmsis_gcc.h" 1
  44 0000 72B6     		cpsid i
  45              	@ 0 "" 2
  46              		.thumb
  47              		.syntax unified
  48              	.L2:
  49              	.LBE5:
  50              	.LBE4:
 235:Core/Src/main.c ****   while (1)
  51              		.loc 1 235 3 discriminator 1 view .LVU4
 236:Core/Src/main.c ****   {
 237:Core/Src/main.c ****   }
  52              		.loc 1 237 3 discriminator 1 view .LVU5
 235:Core/Src/main.c ****   while (1)
  53              		.loc 1 235 9 discriminator 1 view .LVU6
  54 0002 FEE7     		b	.L2
  55              		.cfi_endproc
  56              	.LFE240:
  58              		.section	.text.SystemClock_Config,"ax",%progbits
  59              		.align	1
  60              		.global	SystemClock_Config
  61              		.syntax unified
  62              		.thumb
  63              		.thumb_func
  65              	SystemClock_Config:
  66              	.LFB239:
 180:Core/Src/main.c ****   RCC_OscInitTypeDef RCC_OscInitStruct = {0};
  67              		.loc 1 180 1 view -0
  68              		.cfi_startproc
  69              		@ args = 0, pretend = 0, frame = 80
  70              		@ frame_needed = 0, uses_anonymous_args = 0
  71 0000 00B5     		push	{lr}
  72              	.LCFI0:
  73              		.cfi_def_cfa_offset 4
  74              		.cfi_offset 14, -4
  75 0002 95B0     		sub	sp, sp, #84
  76              	.LCFI1:
  77              		.cfi_def_cfa_offset 88
 181:Core/Src/main.c ****   RCC_ClkInitTypeDef RCC_ClkInitStruct = {0};
ARM GAS  C:\Users\ZongYo\AppData\Local\Temp\ccqPAFfO.s 			page 9


  78              		.loc 1 181 3 view .LVU8
 181:Core/Src/main.c ****   RCC_ClkInitTypeDef RCC_ClkInitStruct = {0};
  79              		.loc 1 181 22 is_stmt 0 view .LVU9
  80 0004 3422     		movs	r2, #52
  81 0006 0021     		movs	r1, #0
  82 0008 07A8     		add	r0, sp, #28
  83 000a FFF7FEFF 		bl	memset
  84              	.LVL0:
 182:Core/Src/main.c **** 
  85              		.loc 1 182 3 is_stmt 1 view .LVU10
 182:Core/Src/main.c **** 
  86              		.loc 1 182 22 is_stmt 0 view .LVU11
  87 000e 0023     		movs	r3, #0
  88 0010 0293     		str	r3, [sp, #8]
  89 0012 0393     		str	r3, [sp, #12]
  90 0014 0493     		str	r3, [sp, #16]
  91 0016 0593     		str	r3, [sp, #20]
  92 0018 0693     		str	r3, [sp, #24]
 186:Core/Src/main.c ****   __HAL_PWR_VOLTAGESCALING_CONFIG(PWR_REGULATOR_VOLTAGE_SCALE2);
  93              		.loc 1 186 3 is_stmt 1 view .LVU12
  94              	.LBB6:
 186:Core/Src/main.c ****   __HAL_PWR_VOLTAGESCALING_CONFIG(PWR_REGULATOR_VOLTAGE_SCALE2);
  95              		.loc 1 186 3 view .LVU13
  96 001a 0093     		str	r3, [sp]
 186:Core/Src/main.c ****   __HAL_PWR_VOLTAGESCALING_CONFIG(PWR_REGULATOR_VOLTAGE_SCALE2);
  97              		.loc 1 186 3 view .LVU14
  98 001c 204A     		ldr	r2, .L9
  99 001e 116C     		ldr	r1, [r2, #64]
 100 0020 41F08051 		orr	r1, r1, #268435456
 101 0024 1164     		str	r1, [r2, #64]
 186:Core/Src/main.c ****   __HAL_PWR_VOLTAGESCALING_CONFIG(PWR_REGULATOR_VOLTAGE_SCALE2);
 102              		.loc 1 186 3 view .LVU15
 103 0026 126C     		ldr	r2, [r2, #64]
 104 0028 02F08052 		and	r2, r2, #268435456
 105 002c 0092     		str	r2, [sp]
 186:Core/Src/main.c ****   __HAL_PWR_VOLTAGESCALING_CONFIG(PWR_REGULATOR_VOLTAGE_SCALE2);
 106              		.loc 1 186 3 view .LVU16
 107 002e 009A     		ldr	r2, [sp]
 108              	.LBE6:
 186:Core/Src/main.c ****   __HAL_PWR_VOLTAGESCALING_CONFIG(PWR_REGULATOR_VOLTAGE_SCALE2);
 109              		.loc 1 186 3 view .LVU17
 187:Core/Src/main.c **** 
 110              		.loc 1 187 3 view .LVU18
 111              	.LBB7:
 187:Core/Src/main.c **** 
 112              		.loc 1 187 3 view .LVU19
 113 0030 0193     		str	r3, [sp, #4]
 187:Core/Src/main.c **** 
 114              		.loc 1 187 3 view .LVU20
 115 0032 1C49     		ldr	r1, .L9+4
 116 0034 0A68     		ldr	r2, [r1]
 117 0036 22F44042 		bic	r2, r2, #49152
 118 003a 42F40042 		orr	r2, r2, #32768
 119 003e 0A60     		str	r2, [r1]
 187:Core/Src/main.c **** 
 120              		.loc 1 187 3 view .LVU21
 121 0040 0A68     		ldr	r2, [r1]
ARM GAS  C:\Users\ZongYo\AppData\Local\Temp\ccqPAFfO.s 			page 10


 122 0042 02F44042 		and	r2, r2, #49152
 123 0046 0192     		str	r2, [sp, #4]
 187:Core/Src/main.c **** 
 124              		.loc 1 187 3 view .LVU22
 125 0048 019A     		ldr	r2, [sp, #4]
 126              	.LBE7:
 187:Core/Src/main.c **** 
 127              		.loc 1 187 3 view .LVU23
 192:Core/Src/main.c ****   RCC_OscInitStruct.HSIState = RCC_HSI_ON;
 128              		.loc 1 192 3 view .LVU24
 192:Core/Src/main.c ****   RCC_OscInitStruct.HSIState = RCC_HSI_ON;
 129              		.loc 1 192 36 is_stmt 0 view .LVU25
 130 004a 0222     		movs	r2, #2
 131 004c 0792     		str	r2, [sp, #28]
 193:Core/Src/main.c ****   RCC_OscInitStruct.HSICalibrationValue = RCC_HSICALIBRATION_DEFAULT;
 132              		.loc 1 193 3 is_stmt 1 view .LVU26
 193:Core/Src/main.c ****   RCC_OscInitStruct.HSICalibrationValue = RCC_HSICALIBRATION_DEFAULT;
 133              		.loc 1 193 30 is_stmt 0 view .LVU27
 134 004e 0121     		movs	r1, #1
 135 0050 0A91     		str	r1, [sp, #40]
 194:Core/Src/main.c ****   RCC_OscInitStruct.PLL.PLLState = RCC_PLL_ON;
 136              		.loc 1 194 3 is_stmt 1 view .LVU28
 194:Core/Src/main.c ****   RCC_OscInitStruct.PLL.PLLState = RCC_PLL_ON;
 137              		.loc 1 194 41 is_stmt 0 view .LVU29
 138 0052 1021     		movs	r1, #16
 139 0054 0B91     		str	r1, [sp, #44]
 195:Core/Src/main.c ****   RCC_OscInitStruct.PLL.PLLSource = RCC_PLLSOURCE_HSI;
 140              		.loc 1 195 3 is_stmt 1 view .LVU30
 195:Core/Src/main.c ****   RCC_OscInitStruct.PLL.PLLSource = RCC_PLLSOURCE_HSI;
 141              		.loc 1 195 34 is_stmt 0 view .LVU31
 142 0056 0D92     		str	r2, [sp, #52]
 196:Core/Src/main.c ****   RCC_OscInitStruct.PLL.PLLM = 8;
 143              		.loc 1 196 3 is_stmt 1 view .LVU32
 196:Core/Src/main.c ****   RCC_OscInitStruct.PLL.PLLM = 8;
 144              		.loc 1 196 35 is_stmt 0 view .LVU33
 145 0058 0E93     		str	r3, [sp, #56]
 197:Core/Src/main.c ****   RCC_OscInitStruct.PLL.PLLN = 128;
 146              		.loc 1 197 3 is_stmt 1 view .LVU34
 197:Core/Src/main.c ****   RCC_OscInitStruct.PLL.PLLN = 128;
 147              		.loc 1 197 30 is_stmt 0 view .LVU35
 148 005a 0823     		movs	r3, #8
 149 005c 0F93     		str	r3, [sp, #60]
 198:Core/Src/main.c ****   RCC_OscInitStruct.PLL.PLLP = RCC_PLLP_DIV2;
 150              		.loc 1 198 3 is_stmt 1 view .LVU36
 198:Core/Src/main.c ****   RCC_OscInitStruct.PLL.PLLP = RCC_PLLP_DIV2;
 151              		.loc 1 198 30 is_stmt 0 view .LVU37
 152 005e 8023     		movs	r3, #128
 153 0060 1093     		str	r3, [sp, #64]
 199:Core/Src/main.c ****   RCC_OscInitStruct.PLL.PLLQ = 2;
 154              		.loc 1 199 3 is_stmt 1 view .LVU38
 199:Core/Src/main.c ****   RCC_OscInitStruct.PLL.PLLQ = 2;
 155              		.loc 1 199 30 is_stmt 0 view .LVU39
 156 0062 1192     		str	r2, [sp, #68]
 200:Core/Src/main.c ****   RCC_OscInitStruct.PLL.PLLR = 2;
 157              		.loc 1 200 3 is_stmt 1 view .LVU40
 200:Core/Src/main.c ****   RCC_OscInitStruct.PLL.PLLR = 2;
 158              		.loc 1 200 30 is_stmt 0 view .LVU41
ARM GAS  C:\Users\ZongYo\AppData\Local\Temp\ccqPAFfO.s 			page 11


 159 0064 1292     		str	r2, [sp, #72]
 201:Core/Src/main.c ****   if (HAL_RCC_OscConfig(&RCC_OscInitStruct) != HAL_OK)
 160              		.loc 1 201 3 is_stmt 1 view .LVU42
 201:Core/Src/main.c ****   if (HAL_RCC_OscConfig(&RCC_OscInitStruct) != HAL_OK)
 161              		.loc 1 201 30 is_stmt 0 view .LVU43
 162 0066 1392     		str	r2, [sp, #76]
 202:Core/Src/main.c ****   {
 163              		.loc 1 202 3 is_stmt 1 view .LVU44
 202:Core/Src/main.c ****   {
 164              		.loc 1 202 7 is_stmt 0 view .LVU45
 165 0068 07A8     		add	r0, sp, #28
 166 006a FFF7FEFF 		bl	HAL_RCC_OscConfig
 167              	.LVL1:
 202:Core/Src/main.c ****   {
 168              		.loc 1 202 6 view .LVU46
 169 006e 98B9     		cbnz	r0, .L7
 209:Core/Src/main.c ****                               |RCC_CLOCKTYPE_PCLK1|RCC_CLOCKTYPE_PCLK2;
 170              		.loc 1 209 3 is_stmt 1 view .LVU47
 209:Core/Src/main.c ****                               |RCC_CLOCKTYPE_PCLK1|RCC_CLOCKTYPE_PCLK2;
 171              		.loc 1 209 31 is_stmt 0 view .LVU48
 172 0070 0F23     		movs	r3, #15
 173 0072 0293     		str	r3, [sp, #8]
 211:Core/Src/main.c ****   RCC_ClkInitStruct.AHBCLKDivider = RCC_SYSCLK_DIV1;
 174              		.loc 1 211 3 is_stmt 1 view .LVU49
 211:Core/Src/main.c ****   RCC_ClkInitStruct.AHBCLKDivider = RCC_SYSCLK_DIV1;
 175              		.loc 1 211 34 is_stmt 0 view .LVU50
 176 0074 0223     		movs	r3, #2
 177 0076 0393     		str	r3, [sp, #12]
 212:Core/Src/main.c ****   RCC_ClkInitStruct.APB1CLKDivider = RCC_HCLK_DIV4;
 178              		.loc 1 212 3 is_stmt 1 view .LVU51
 212:Core/Src/main.c ****   RCC_ClkInitStruct.APB1CLKDivider = RCC_HCLK_DIV4;
 179              		.loc 1 212 35 is_stmt 0 view .LVU52
 180 0078 0023     		movs	r3, #0
 181 007a 0493     		str	r3, [sp, #16]
 213:Core/Src/main.c ****   RCC_ClkInitStruct.APB2CLKDivider = RCC_HCLK_DIV2;
 182              		.loc 1 213 3 is_stmt 1 view .LVU53
 213:Core/Src/main.c ****   RCC_ClkInitStruct.APB2CLKDivider = RCC_HCLK_DIV2;
 183              		.loc 1 213 36 is_stmt 0 view .LVU54
 184 007c 4FF4A053 		mov	r3, #5120
 185 0080 0593     		str	r3, [sp, #20]
 214:Core/Src/main.c **** 
 186              		.loc 1 214 3 is_stmt 1 view .LVU55
 214:Core/Src/main.c **** 
 187              		.loc 1 214 36 is_stmt 0 view .LVU56
 188 0082 4FF48053 		mov	r3, #4096
 189 0086 0693     		str	r3, [sp, #24]
 216:Core/Src/main.c ****   {
 190              		.loc 1 216 3 is_stmt 1 view .LVU57
 216:Core/Src/main.c ****   {
 191              		.loc 1 216 7 is_stmt 0 view .LVU58
 192 0088 0421     		movs	r1, #4
 193 008a 02A8     		add	r0, sp, #8
 194 008c FFF7FEFF 		bl	HAL_RCC_ClockConfig
 195              	.LVL2:
 216:Core/Src/main.c ****   {
 196              		.loc 1 216 6 view .LVU59
 197 0090 20B9     		cbnz	r0, .L8
ARM GAS  C:\Users\ZongYo\AppData\Local\Temp\ccqPAFfO.s 			page 12


 220:Core/Src/main.c **** 
 198              		.loc 1 220 1 view .LVU60
 199 0092 15B0     		add	sp, sp, #84
 200              	.LCFI2:
 201              		.cfi_remember_state
 202              		.cfi_def_cfa_offset 4
 203              		@ sp needed
 204 0094 5DF804FB 		ldr	pc, [sp], #4
 205              	.L7:
 206              	.LCFI3:
 207              		.cfi_restore_state
 204:Core/Src/main.c ****   }
 208              		.loc 1 204 5 is_stmt 1 view .LVU61
 209 0098 FFF7FEFF 		bl	Error_Handler
 210              	.LVL3:
 211              	.L8:
 218:Core/Src/main.c ****   }
 212              		.loc 1 218 5 view .LVU62
 213 009c FFF7FEFF 		bl	Error_Handler
 214              	.LVL4:
 215              	.L10:
 216              		.align	2
 217              	.L9:
 218 00a0 00380240 		.word	1073887232
 219 00a4 00700040 		.word	1073770496
 220              		.cfi_endproc
 221              	.LFE239:
 223              		.global	__aeabi_f2d
 224              		.section	.rodata.main.str1.4,"aMS",%progbits,1
 225              		.align	2
 226              	.LC0:
 227 0000 303A252E 		.ascii	"0:%.3f 1:%.3f 2:%.3f\015\012\000"
 227      33662031 
 227      3A252E33 
 227      6620323A 
 227      252E3366 
 228              		.section	.text.main,"ax",%progbits
 229              		.align	1
 230              		.global	main
 231              		.syntax unified
 232              		.thumb
 233              		.thumb_func
 235              	main:
 236              	.LFB238:
  71:Core/Src/main.c ****   /* USER CODE BEGIN 1 */
 237              		.loc 1 71 1 view -0
 238              		.cfi_startproc
 239              		@ args = 0, pretend = 0, frame = 88
 240              		@ frame_needed = 0, uses_anonymous_args = 0
 241 0000 30B5     		push	{r4, r5, lr}
 242              	.LCFI4:
 243              		.cfi_def_cfa_offset 12
 244              		.cfi_offset 4, -12
 245              		.cfi_offset 5, -8
 246              		.cfi_offset 14, -4
 247 0002 2DED028B 		vpush.64	{d8}
 248              	.LCFI5:
ARM GAS  C:\Users\ZongYo\AppData\Local\Temp\ccqPAFfO.s 			page 13


 249              		.cfi_def_cfa_offset 20
 250              		.cfi_offset 80, -20
 251              		.cfi_offset 81, -16
 252 0006 9BB0     		sub	sp, sp, #108
 253              	.LCFI6:
 254              		.cfi_def_cfa_offset 128
  79:Core/Src/main.c **** 
 255              		.loc 1 79 3 view .LVU64
 256 0008 FFF7FEFF 		bl	HAL_Init
 257              	.LVL5:
  86:Core/Src/main.c **** 
 258              		.loc 1 86 3 view .LVU65
 259 000c FFF7FEFF 		bl	SystemClock_Config
 260              	.LVL6:
  93:Core/Src/main.c ****   MX_DMA_Init();
 261              		.loc 1 93 3 view .LVU66
 262 0010 FFF7FEFF 		bl	MX_GPIO_Init
 263              	.LVL7:
  94:Core/Src/main.c ****   MX_SPI2_Init();
 264              		.loc 1 94 3 view .LVU67
 265 0014 FFF7FEFF 		bl	MX_DMA_Init
 266              	.LVL8:
  95:Core/Src/main.c ****   MX_USART2_UART_Init();
 267              		.loc 1 95 3 view .LVU68
 268 0018 FFF7FEFF 		bl	MX_SPI2_Init
 269              	.LVL9:
  96:Core/Src/main.c ****   MX_ADC1_Init();
 270              		.loc 1 96 3 view .LVU69
 271 001c FFF7FEFF 		bl	MX_USART2_UART_Init
 272              	.LVL10:
  97:Core/Src/main.c ****   MX_ADC2_Init();
 273              		.loc 1 97 3 view .LVU70
 274 0020 FFF7FEFF 		bl	MX_ADC1_Init
 275              	.LVL11:
  98:Core/Src/main.c ****   MX_ADC3_Init();
 276              		.loc 1 98 3 view .LVU71
 277 0024 FFF7FEFF 		bl	MX_ADC2_Init
 278              	.LVL12:
  99:Core/Src/main.c ****   MX_TIM3_Init();
 279              		.loc 1 99 3 view .LVU72
 280 0028 FFF7FEFF 		bl	MX_ADC3_Init
 281              	.LVL13:
 100:Core/Src/main.c ****   /* USER CODE BEGIN 2 */
 282              		.loc 1 100 3 view .LVU73
 283 002c FFF7FEFF 		bl	MX_TIM3_Init
 284              	.LVL14:
 102:Core/Src/main.c ****   uint8_t buf[40];
 285              		.loc 1 102 3 view .LVU74
 286 0030 4848     		ldr	r0, .L14
 287 0032 FFF7FEFF 		bl	HAL_SPI_MspInit
 288              	.LVL15:
 103:Core/Src/main.c ****   HAL_TIM_PWM_Start(&htim3 , TIM_CHANNEL_1);
 289              		.loc 1 103 3 view .LVU75
 104:Core/Src/main.c ****   HAL_TIM_PWM_Start(&htim3 , TIM_CHANNEL_2);
 290              		.loc 1 104 3 view .LVU76
 291 0036 484C     		ldr	r4, .L14+4
 292 0038 0021     		movs	r1, #0
ARM GAS  C:\Users\ZongYo\AppData\Local\Temp\ccqPAFfO.s 			page 14


 293 003a 2046     		mov	r0, r4
 294 003c FFF7FEFF 		bl	HAL_TIM_PWM_Start
 295              	.LVL16:
 105:Core/Src/main.c ****   HAL_TIM_PWM_Start(&htim3 , TIM_CHANNEL_3);
 296              		.loc 1 105 3 view .LVU77
 297 0040 0421     		movs	r1, #4
 298 0042 2046     		mov	r0, r4
 299 0044 FFF7FEFF 		bl	HAL_TIM_PWM_Start
 300              	.LVL17:
 106:Core/Src/main.c ****   HAL_TIM_PWM_Start(&htim3 , TIM_CHANNEL_4);
 301              		.loc 1 106 3 view .LVU78
 302 0048 0821     		movs	r1, #8
 303 004a 2046     		mov	r0, r4
 304 004c FFF7FEFF 		bl	HAL_TIM_PWM_Start
 305              	.LVL18:
 107:Core/Src/main.c ****   
 306              		.loc 1 107 3 view .LVU79
 307 0050 0C21     		movs	r1, #12
 308 0052 2046     		mov	r0, r4
 309 0054 FFF7FEFF 		bl	HAL_TIM_PWM_Start
 310              	.LVL19:
 111:Core/Src/main.c ****   HAL_ADC_Start_DMA(&hadc1,(uint32_t *)ADC_ch1,4);
 311              		.loc 1 111 3 view .LVU80
 111:Core/Src/main.c ****   HAL_ADC_Start_DMA(&hadc1,(uint32_t *)ADC_ch1,4);
 312              		.loc 1 111 12 is_stmt 0 view .LVU81
 313 0058 0024     		movs	r4, #0
 314 005a 0E94     		str	r4, [sp, #56]
 315 005c 0F94     		str	r4, [sp, #60]
 112:Core/Src/main.c ****   uint16_t ADC_ch2[4]={0};
 316              		.loc 1 112 3 is_stmt 1 view .LVU82
 317 005e 0422     		movs	r2, #4
 318 0060 0EA9     		add	r1, sp, #56
 319 0062 3E48     		ldr	r0, .L14+8
 320 0064 FFF7FEFF 		bl	HAL_ADC_Start_DMA
 321              	.LVL20:
 113:Core/Src/main.c ****   HAL_ADC_Start_DMA(&hadc2,(uint32_t *)ADC_ch2,4);
 322              		.loc 1 113 3 view .LVU83
 113:Core/Src/main.c ****   HAL_ADC_Start_DMA(&hadc2,(uint32_t *)ADC_ch2,4);
 323              		.loc 1 113 12 is_stmt 0 view .LVU84
 324 0068 0C94     		str	r4, [sp, #48]
 325 006a 0D94     		str	r4, [sp, #52]
 114:Core/Src/main.c ****   uint16_t ADC_ch3[4]={0};
 326              		.loc 1 114 3 is_stmt 1 view .LVU85
 327 006c 0422     		movs	r2, #4
 328 006e 0CA9     		add	r1, sp, #48
 329 0070 3B48     		ldr	r0, .L14+12
 330 0072 FFF7FEFF 		bl	HAL_ADC_Start_DMA
 331              	.LVL21:
 115:Core/Src/main.c ****   HAL_ADC_Start_DMA(&hadc3,(uint32_t *)ADC_ch3,4);
 332              		.loc 1 115 3 view .LVU86
 115:Core/Src/main.c ****   HAL_ADC_Start_DMA(&hadc3,(uint32_t *)ADC_ch3,4);
 333              		.loc 1 115 12 is_stmt 0 view .LVU87
 334 0076 0A94     		str	r4, [sp, #40]
 335 0078 0B94     		str	r4, [sp, #44]
 116:Core/Src/main.c **** 
 336              		.loc 1 116 3 is_stmt 1 view .LVU88
 337 007a 0422     		movs	r2, #4
ARM GAS  C:\Users\ZongYo\AppData\Local\Temp\ccqPAFfO.s 			page 15


 338 007c 0AA9     		add	r1, sp, #40
 339 007e 3948     		ldr	r0, .L14+16
 340 0080 FFF7FEFF 		bl	HAL_ADC_Start_DMA
 341              	.LVL22:
 122:Core/Src/main.c ****   
 342              		.loc 1 122 3 view .LVU89
 125:Core/Src/main.c ****   float k=3.3/4096;
 343              		.loc 1 125 3 view .LVU90
 126:Core/Src/main.c ****   while (1)
 344              		.loc 1 126 3 view .LVU91
 345              	.L12:
 127:Core/Src/main.c ****   {
 346              		.loc 1 127 3 discriminator 1 view .LVU92
 347              	.LBB8:
 129:Core/Src/main.c ****     encoder_cmd=0x7fff;
 348              		.loc 1 129 5 discriminator 1 view .LVU93
 130:Core/Src/main.c ****     uint16_t temp[3]={0};
 349              		.loc 1 130 5 discriminator 1 view .LVU94
 130:Core/Src/main.c ****     uint16_t temp[3]={0};
 350              		.loc 1 130 16 is_stmt 0 discriminator 1 view .LVU95
 351 0084 47F6FF73 		movw	r3, #32767
 352 0088 ADF82630 		strh	r3, [sp, #38]	@ movhi
 131:Core/Src/main.c ****     float voltage[3]={0};
 353              		.loc 1 131 5 is_stmt 1 discriminator 1 view .LVU96
 131:Core/Src/main.c ****     float voltage[3]={0};
 354              		.loc 1 131 14 is_stmt 0 discriminator 1 view .LVU97
 355 008c 0023     		movs	r3, #0
 356 008e 0493     		str	r3, [sp, #16]
 357 0090 ADF81430 		strh	r3, [sp, #20]	@ movhi
 132:Core/Src/main.c **** 
 358              		.loc 1 132 5 is_stmt 1 discriminator 1 view .LVU98
 132:Core/Src/main.c **** 
 359              		.loc 1 132 11 is_stmt 0 discriminator 1 view .LVU99
 360 0094 0693     		str	r3, [sp, #24]
 361 0096 0793     		str	r3, [sp, #28]
 362 0098 0893     		str	r3, [sp, #32]
 134:Core/Src/main.c ****     temp[0]=avg_fliter16_t(ADC_ch1,4);
 363              		.loc 1 134 5 is_stmt 1 discriminator 1 view .LVU100
 134:Core/Src/main.c ****     temp[0]=avg_fliter16_t(ADC_ch1,4);
 364              		.loc 1 134 13 is_stmt 0 discriminator 1 view .LVU101
 365 009a 0421     		movs	r1, #4
 366 009c 0AA8     		add	r0, sp, #40
 367 009e FFF7FEFF 		bl	avg_fliter16_t
 368              	.LVL23:
 369 00a2 0446     		mov	r4, r0
 134:Core/Src/main.c ****     temp[0]=avg_fliter16_t(ADC_ch1,4);
 370              		.loc 1 134 12 discriminator 1 view .LVU102
 371 00a4 ADF81400 		strh	r0, [sp, #20]	@ movhi
 135:Core/Src/main.c ****     temp[1]=avg_fliter16_t(ADC_ch2,4);
 372              		.loc 1 135 5 is_stmt 1 discriminator 1 view .LVU103
 135:Core/Src/main.c ****     temp[1]=avg_fliter16_t(ADC_ch2,4);
 373              		.loc 1 135 13 is_stmt 0 discriminator 1 view .LVU104
 374 00a8 0421     		movs	r1, #4
 375 00aa 0EA8     		add	r0, sp, #56
 376 00ac FFF7FEFF 		bl	avg_fliter16_t
 377              	.LVL24:
 378 00b0 0546     		mov	r5, r0
ARM GAS  C:\Users\ZongYo\AppData\Local\Temp\ccqPAFfO.s 			page 16


 135:Core/Src/main.c ****     temp[1]=avg_fliter16_t(ADC_ch2,4);
 379              		.loc 1 135 12 discriminator 1 view .LVU105
 380 00b2 ADF81000 		strh	r0, [sp, #16]	@ movhi
 136:Core/Src/main.c ****     
 381              		.loc 1 136 5 is_stmt 1 discriminator 1 view .LVU106
 136:Core/Src/main.c ****     
 382              		.loc 1 136 13 is_stmt 0 discriminator 1 view .LVU107
 383 00b6 0421     		movs	r1, #4
 384 00b8 0CA8     		add	r0, sp, #48
 385 00ba FFF7FEFF 		bl	avg_fliter16_t
 386              	.LVL25:
 136:Core/Src/main.c ****     
 387              		.loc 1 136 12 discriminator 1 view .LVU108
 388 00be ADF81200 		strh	r0, [sp, #18]	@ movhi
 139:Core/Src/main.c ****     voltage[1]=temp[1]*k;
 389              		.loc 1 139 5 is_stmt 1 discriminator 1 view .LVU109
 139:Core/Src/main.c ****     voltage[1]=temp[1]*k;
 390              		.loc 1 139 23 is_stmt 0 discriminator 1 view .LVU110
 391 00c2 07EE905A 		vmov	s15, r5	@ int
 392 00c6 F8EEE77A 		vcvt.f32.s32	s15, s15
 393 00ca 9FED277A 		vldr.32	s14, .L14+20
 394 00ce 67EE877A 		vmul.f32	s15, s15, s14
 139:Core/Src/main.c ****     voltage[1]=temp[1]*k;
 395              		.loc 1 139 15 discriminator 1 view .LVU111
 396 00d2 CDED067A 		vstr.32	s15, [sp, #24]
 140:Core/Src/main.c ****     voltage[2]=temp[2]*k;
 397              		.loc 1 140 5 is_stmt 1 discriminator 1 view .LVU112
 140:Core/Src/main.c ****     voltage[2]=temp[2]*k;
 398              		.loc 1 140 23 is_stmt 0 discriminator 1 view .LVU113
 399 00d6 06EE900A 		vmov	s13, r0	@ int
 400 00da B8EEE68A 		vcvt.f32.s32	s16, s13
 401 00de 28EE078A 		vmul.f32	s16, s16, s14
 140:Core/Src/main.c ****     voltage[2]=temp[2]*k;
 402              		.loc 1 140 15 discriminator 1 view .LVU114
 403 00e2 8DED078A 		vstr.32	s16, [sp, #28]
 141:Core/Src/main.c ****     sprintf((char*)buf,"0:%.3f 1:%.3f 2:%.3f\r\n",voltage[0],
 404              		.loc 1 141 5 is_stmt 1 discriminator 1 view .LVU115
 141:Core/Src/main.c ****     sprintf((char*)buf,"0:%.3f 1:%.3f 2:%.3f\r\n",voltage[0],
 405              		.loc 1 141 23 is_stmt 0 discriminator 1 view .LVU116
 406 00e6 06EE904A 		vmov	s13, r4	@ int
 407 00ea F8EEE68A 		vcvt.f32.s32	s17, s13
 408 00ee 68EE878A 		vmul.f32	s17, s17, s14
 141:Core/Src/main.c ****     sprintf((char*)buf,"0:%.3f 1:%.3f 2:%.3f\r\n",voltage[0],
 409              		.loc 1 141 15 discriminator 1 view .LVU117
 410 00f2 CDED088A 		vstr.32	s17, [sp, #32]
 142:Core/Src/main.c ****            voltage[1],voltage[2]);
 411              		.loc 1 142 5 is_stmt 1 discriminator 1 view .LVU118
 412 00f6 17EE900A 		vmov	r0, s15
 413 00fa FFF7FEFF 		bl	__aeabi_f2d
 414              	.LVL26:
 415 00fe 0446     		mov	r4, r0
 416 0100 0D46     		mov	r5, r1
 417 0102 18EE900A 		vmov	r0, s17
 418 0106 FFF7FEFF 		bl	__aeabi_f2d
 419              	.LVL27:
 420 010a CDE90201 		strd	r0, [sp, #8]
 421 010e 18EE100A 		vmov	r0, s16
ARM GAS  C:\Users\ZongYo\AppData\Local\Temp\ccqPAFfO.s 			page 17


 422 0112 FFF7FEFF 		bl	__aeabi_f2d
 423              	.LVL28:
 424 0116 CDE90001 		strd	r0, [sp]
 425 011a 2246     		mov	r2, r4
 426 011c 2B46     		mov	r3, r5
 427 011e 1349     		ldr	r1, .L14+24
 428 0120 10A8     		add	r0, sp, #64
 429 0122 FFF7FEFF 		bl	sprintf
 430              	.LVL29:
 144:Core/Src/main.c ****     
 431              		.loc 1 144 5 discriminator 1 view .LVU119
 144:Core/Src/main.c ****     
 432              		.loc 1 144 37 is_stmt 0 discriminator 1 view .LVU120
 433 0126 10A8     		add	r0, sp, #64
 434 0128 FFF7FEFF 		bl	strlen
 435              	.LVL30:
 144:Core/Src/main.c ****     
 436              		.loc 1 144 5 discriminator 1 view .LVU121
 437 012c 4FF0FF33 		mov	r3, #-1
 438 0130 82B2     		uxth	r2, r0
 439 0132 10A9     		add	r1, sp, #64
 440 0134 0E48     		ldr	r0, .L14+28
 441 0136 FFF7FEFF 		bl	HAL_UART_Transmit
 442              	.LVL31:
 146:Core/Src/main.c ****     HAL_Delay(10);
 443              		.loc 1 146 5 is_stmt 1 discriminator 1 view .LVU122
 444 013a 0A24     		movs	r4, #10
 445 013c 0094     		str	r4, [sp]
 446 013e 0123     		movs	r3, #1
 447 0140 09AA     		add	r2, sp, #36
 448 0142 0DF12601 		add	r1, sp, #38
 449 0146 0348     		ldr	r0, .L14
 450 0148 FFF7FEFF 		bl	HAL_SPI_TransmitReceive
 451              	.LVL32:
 147:Core/Src/main.c **** 
 452              		.loc 1 147 5 discriminator 1 view .LVU123
 453 014c 2046     		mov	r0, r4
 454 014e FFF7FEFF 		bl	HAL_Delay
 455              	.LVL33:
 456              	.LBE8:
 127:Core/Src/main.c ****   {
 457              		.loc 1 127 9 discriminator 1 view .LVU124
 458 0152 97E7     		b	.L12
 459              	.L15:
 460              		.align	2
 461              	.L14:
 462 0154 00000000 		.word	hspi2
 463 0158 00000000 		.word	htim3
 464 015c 00000000 		.word	hadc1
 465 0160 00000000 		.word	hadc2
 466 0164 00000000 		.word	hadc3
 467 0168 3333533A 		.word	978531123
 468 016c 00000000 		.word	.LC0
 469 0170 00000000 		.word	huart2
 470              		.cfi_endproc
 471              	.LFE238:
 473              		.text
ARM GAS  C:\Users\ZongYo\AppData\Local\Temp\ccqPAFfO.s 			page 18


 474              	.Letext0:
 475              		.file 3 "c:\\users\\zongyo\\documents\\gcc-arm-none-eabi-10.3-2021.10\\arm-none-eabi\\include\\mac
 476              		.file 4 "c:\\users\\zongyo\\documents\\gcc-arm-none-eabi-10.3-2021.10\\arm-none-eabi\\include\\sys
 477              		.file 5 "Drivers/CMSIS/Device/ST/STM32F4xx/Include/stm32f446xx.h"
 478              		.file 6 "Drivers/CMSIS/Device/ST/STM32F4xx/Include/stm32f4xx.h"
 479              		.file 7 "Drivers/STM32F4xx_HAL_Driver/Inc/stm32f4xx_hal_def.h"
 480              		.file 8 "Drivers/STM32F4xx_HAL_Driver/Inc/stm32f4xx_hal_rcc_ex.h"
 481              		.file 9 "Drivers/STM32F4xx_HAL_Driver/Inc/stm32f4xx_hal_rcc.h"
 482              		.file 10 "Drivers/STM32F4xx_HAL_Driver/Inc/stm32f4xx_hal_dma.h"
 483              		.file 11 "Drivers/STM32F4xx_HAL_Driver/Inc/stm32f4xx_hal_adc.h"
 484              		.file 12 "Drivers/STM32F4xx_HAL_Driver/Inc/stm32f4xx_hal_spi.h"
 485              		.file 13 "Drivers/STM32F4xx_HAL_Driver/Inc/stm32f4xx_hal_tim.h"
 486              		.file 14 "Drivers/STM32F4xx_HAL_Driver/Inc/stm32f4xx_hal_uart.h"
 487              		.file 15 "Core/Inc/adc.h"
 488              		.file 16 "Core/Inc/spi.h"
 489              		.file 17 "Core/Inc/tim.h"
 490              		.file 18 "Core/Inc/usart.h"
 491              		.file 19 "Core/Inc/fir.h"
 492              		.file 20 "c:\\users\\zongyo\\documents\\gcc-arm-none-eabi-10.3-2021.10\\arm-none-eabi\\include\\st
 493              		.file 21 "c:\\users\\zongyo\\documents\\gcc-arm-none-eabi-10.3-2021.10\\arm-none-eabi\\include\\st
 494              		.file 22 "Drivers/STM32F4xx_HAL_Driver/Inc/stm32f4xx_hal.h"
 495              		.file 23 "Core/Inc/gpio.h"
 496              		.file 24 "Core/Inc/dma.h"
 497              		.file 25 "<built-in>"
ARM GAS  C:\Users\ZongYo\AppData\Local\Temp\ccqPAFfO.s 			page 19


DEFINED SYMBOLS
                            *ABS*:00000000 main.c
C:\Users\ZongYo\AppData\Local\Temp\ccqPAFfO.s:20     .text.Error_Handler:00000000 $t
C:\Users\ZongYo\AppData\Local\Temp\ccqPAFfO.s:26     .text.Error_Handler:00000000 Error_Handler
C:\Users\ZongYo\AppData\Local\Temp\ccqPAFfO.s:59     .text.SystemClock_Config:00000000 $t
C:\Users\ZongYo\AppData\Local\Temp\ccqPAFfO.s:65     .text.SystemClock_Config:00000000 SystemClock_Config
C:\Users\ZongYo\AppData\Local\Temp\ccqPAFfO.s:218    .text.SystemClock_Config:000000a0 $d
C:\Users\ZongYo\AppData\Local\Temp\ccqPAFfO.s:225    .rodata.main.str1.4:00000000 $d
C:\Users\ZongYo\AppData\Local\Temp\ccqPAFfO.s:229    .text.main:00000000 $t
C:\Users\ZongYo\AppData\Local\Temp\ccqPAFfO.s:235    .text.main:00000000 main
C:\Users\ZongYo\AppData\Local\Temp\ccqPAFfO.s:462    .text.main:00000154 $d

UNDEFINED SYMBOLS
memset
HAL_RCC_OscConfig
HAL_RCC_ClockConfig
__aeabi_f2d
HAL_Init
MX_GPIO_Init
MX_DMA_Init
MX_SPI2_Init
MX_USART2_UART_Init
MX_ADC1_Init
MX_ADC2_Init
MX_ADC3_Init
MX_TIM3_Init
HAL_SPI_MspInit
HAL_TIM_PWM_Start
HAL_ADC_Start_DMA
avg_fliter16_t
sprintf
strlen
HAL_UART_Transmit
HAL_SPI_TransmitReceive
HAL_Delay
hspi2
htim3
hadc1
hadc2
hadc3
huart2
