ARM GAS  C:\Users\ZongYo\AppData\Local\Temp\cck6l0qQ.s 			page 1


   1              		.cpu cortex-m4
   2              		.arch armv7e-m
   3              		.fpu fpv4-sp-d16
   4              		.eabi_attribute 27, 1
   5              		.eabi_attribute 28, 1
   6              		.eabi_attribute 20, 1
   7              		.eabi_attribute 21, 1
   8              		.eabi_attribute 23, 3
   9              		.eabi_attribute 24, 1
  10              		.eabi_attribute 25, 1
  11              		.eabi_attribute 26, 1
  12              		.eabi_attribute 30, 1
  13              		.eabi_attribute 34, 1
  14              		.eabi_attribute 18, 4
  15              		.file	"stm32f4xx_it.c"
  16              		.text
  17              	.Ltext0:
  18              		.cfi_sections	.debug_frame
  19              		.section	.text.NMI_Handler,"ax",%progbits
  20              		.align	1
  21              		.global	NMI_Handler
  22              		.syntax unified
  23              		.thumb
  24              		.thumb_func
  26              	NMI_Handler:
  27              	.LFB235:
  28              		.file 1 "Core/Src/stm32f4xx_it.c"
   1:Core/Src/stm32f4xx_it.c **** /* USER CODE BEGIN Header */
   2:Core/Src/stm32f4xx_it.c **** /**
   3:Core/Src/stm32f4xx_it.c ****   ******************************************************************************
   4:Core/Src/stm32f4xx_it.c ****   * @file    stm32f4xx_it.c
   5:Core/Src/stm32f4xx_it.c ****   * @brief   Interrupt Service Routines.
   6:Core/Src/stm32f4xx_it.c ****   ******************************************************************************
   7:Core/Src/stm32f4xx_it.c ****   * @attention
   8:Core/Src/stm32f4xx_it.c ****   *
   9:Core/Src/stm32f4xx_it.c ****   * Copyright (c) 2023 STMicroelectronics.
  10:Core/Src/stm32f4xx_it.c ****   * All rights reserved.
  11:Core/Src/stm32f4xx_it.c ****   *
  12:Core/Src/stm32f4xx_it.c ****   * This software is licensed under terms that can be found in the LICENSE file
  13:Core/Src/stm32f4xx_it.c ****   * in the root directory of this software component.
  14:Core/Src/stm32f4xx_it.c ****   * If no LICENSE file comes with this software, it is provided AS-IS.
  15:Core/Src/stm32f4xx_it.c ****   *
  16:Core/Src/stm32f4xx_it.c ****   ******************************************************************************
  17:Core/Src/stm32f4xx_it.c ****   */
  18:Core/Src/stm32f4xx_it.c **** /* USER CODE END Header */
  19:Core/Src/stm32f4xx_it.c **** 
  20:Core/Src/stm32f4xx_it.c **** /* Includes ------------------------------------------------------------------*/
  21:Core/Src/stm32f4xx_it.c **** #include "main.h"
  22:Core/Src/stm32f4xx_it.c **** #include "stm32f4xx_it.h"
  23:Core/Src/stm32f4xx_it.c **** /* Private includes ----------------------------------------------------------*/
  24:Core/Src/stm32f4xx_it.c **** /* USER CODE BEGIN Includes */
  25:Core/Src/stm32f4xx_it.c **** /* USER CODE END Includes */
  26:Core/Src/stm32f4xx_it.c **** 
  27:Core/Src/stm32f4xx_it.c **** /* Private typedef -----------------------------------------------------------*/
  28:Core/Src/stm32f4xx_it.c **** /* USER CODE BEGIN TD */
  29:Core/Src/stm32f4xx_it.c **** 
  30:Core/Src/stm32f4xx_it.c **** /* USER CODE END TD */
ARM GAS  C:\Users\ZongYo\AppData\Local\Temp\cck6l0qQ.s 			page 2


  31:Core/Src/stm32f4xx_it.c **** 
  32:Core/Src/stm32f4xx_it.c **** /* Private define ------------------------------------------------------------*/
  33:Core/Src/stm32f4xx_it.c **** /* USER CODE BEGIN PD */
  34:Core/Src/stm32f4xx_it.c **** 
  35:Core/Src/stm32f4xx_it.c **** /* USER CODE END PD */
  36:Core/Src/stm32f4xx_it.c **** 
  37:Core/Src/stm32f4xx_it.c **** /* Private macro -------------------------------------------------------------*/
  38:Core/Src/stm32f4xx_it.c **** /* USER CODE BEGIN PM */
  39:Core/Src/stm32f4xx_it.c **** 
  40:Core/Src/stm32f4xx_it.c **** /* USER CODE END PM */
  41:Core/Src/stm32f4xx_it.c **** 
  42:Core/Src/stm32f4xx_it.c **** /* Private variables ---------------------------------------------------------*/
  43:Core/Src/stm32f4xx_it.c **** /* USER CODE BEGIN PV */
  44:Core/Src/stm32f4xx_it.c **** 
  45:Core/Src/stm32f4xx_it.c **** /* USER CODE END PV */
  46:Core/Src/stm32f4xx_it.c **** 
  47:Core/Src/stm32f4xx_it.c **** /* Private function prototypes -----------------------------------------------*/
  48:Core/Src/stm32f4xx_it.c **** /* USER CODE BEGIN PFP */
  49:Core/Src/stm32f4xx_it.c **** 
  50:Core/Src/stm32f4xx_it.c **** /* USER CODE END PFP */
  51:Core/Src/stm32f4xx_it.c **** 
  52:Core/Src/stm32f4xx_it.c **** /* Private user code ---------------------------------------------------------*/
  53:Core/Src/stm32f4xx_it.c **** /* USER CODE BEGIN 0 */
  54:Core/Src/stm32f4xx_it.c **** 
  55:Core/Src/stm32f4xx_it.c **** /* USER CODE END 0 */
  56:Core/Src/stm32f4xx_it.c **** 
  57:Core/Src/stm32f4xx_it.c **** /* External variables --------------------------------------------------------*/
  58:Core/Src/stm32f4xx_it.c **** extern DMA_HandleTypeDef hdma_adc1;
  59:Core/Src/stm32f4xx_it.c **** extern DMA_HandleTypeDef hdma_adc2;
  60:Core/Src/stm32f4xx_it.c **** extern DMA_HandleTypeDef hdma_adc3;
  61:Core/Src/stm32f4xx_it.c **** extern ADC_HandleTypeDef hadc1;
  62:Core/Src/stm32f4xx_it.c **** extern ADC_HandleTypeDef hadc2;
  63:Core/Src/stm32f4xx_it.c **** extern ADC_HandleTypeDef hadc3;
  64:Core/Src/stm32f4xx_it.c **** extern TIM_HandleTypeDef htim3;
  65:Core/Src/stm32f4xx_it.c **** /* USER CODE BEGIN EV */
  66:Core/Src/stm32f4xx_it.c **** 
  67:Core/Src/stm32f4xx_it.c **** /* USER CODE END EV */
  68:Core/Src/stm32f4xx_it.c **** 
  69:Core/Src/stm32f4xx_it.c **** /******************************************************************************/
  70:Core/Src/stm32f4xx_it.c **** /*           Cortex-M4 Processor Interruption and Exception Handlers          */
  71:Core/Src/stm32f4xx_it.c **** /******************************************************************************/
  72:Core/Src/stm32f4xx_it.c **** /**
  73:Core/Src/stm32f4xx_it.c ****   * @brief This function handles Non maskable interrupt.
  74:Core/Src/stm32f4xx_it.c ****   */
  75:Core/Src/stm32f4xx_it.c **** void NMI_Handler(void)
  76:Core/Src/stm32f4xx_it.c **** {
  29              		.loc 1 76 1 view -0
  30              		.cfi_startproc
  31              		@ Volatile: function does not return.
  32              		@ args = 0, pretend = 0, frame = 0
  33              		@ frame_needed = 0, uses_anonymous_args = 0
  34              		@ link register save eliminated.
  35              	.L2:
  77:Core/Src/stm32f4xx_it.c ****   /* USER CODE BEGIN NonMaskableInt_IRQn 0 */
  78:Core/Src/stm32f4xx_it.c **** 
  79:Core/Src/stm32f4xx_it.c ****   /* USER CODE END NonMaskableInt_IRQn 0 */
  80:Core/Src/stm32f4xx_it.c ****   /* USER CODE BEGIN NonMaskableInt_IRQn 1 */
ARM GAS  C:\Users\ZongYo\AppData\Local\Temp\cck6l0qQ.s 			page 3


  81:Core/Src/stm32f4xx_it.c ****   while (1)
  36              		.loc 1 81 3 discriminator 1 view .LVU1
  82:Core/Src/stm32f4xx_it.c ****   {
  83:Core/Src/stm32f4xx_it.c ****   }
  37              		.loc 1 83 3 discriminator 1 view .LVU2
  81:Core/Src/stm32f4xx_it.c ****   {
  38              		.loc 1 81 9 discriminator 1 view .LVU3
  39 0000 FEE7     		b	.L2
  40              		.cfi_endproc
  41              	.LFE235:
  43              		.section	.text.HardFault_Handler,"ax",%progbits
  44              		.align	1
  45              		.global	HardFault_Handler
  46              		.syntax unified
  47              		.thumb
  48              		.thumb_func
  50              	HardFault_Handler:
  51              	.LFB236:
  84:Core/Src/stm32f4xx_it.c ****   /* USER CODE END NonMaskableInt_IRQn 1 */
  85:Core/Src/stm32f4xx_it.c **** }
  86:Core/Src/stm32f4xx_it.c **** 
  87:Core/Src/stm32f4xx_it.c **** /**
  88:Core/Src/stm32f4xx_it.c ****   * @brief This function handles Hard fault interrupt.
  89:Core/Src/stm32f4xx_it.c ****   */
  90:Core/Src/stm32f4xx_it.c **** void HardFault_Handler(void)
  91:Core/Src/stm32f4xx_it.c **** {
  52              		.loc 1 91 1 view -0
  53              		.cfi_startproc
  54              		@ Volatile: function does not return.
  55              		@ args = 0, pretend = 0, frame = 0
  56              		@ frame_needed = 0, uses_anonymous_args = 0
  57              		@ link register save eliminated.
  58              	.L4:
  92:Core/Src/stm32f4xx_it.c ****   /* USER CODE BEGIN HardFault_IRQn 0 */
  93:Core/Src/stm32f4xx_it.c **** 
  94:Core/Src/stm32f4xx_it.c ****   /* USER CODE END HardFault_IRQn 0 */
  95:Core/Src/stm32f4xx_it.c ****   while (1)
  59              		.loc 1 95 3 discriminator 1 view .LVU5
  96:Core/Src/stm32f4xx_it.c ****   {
  97:Core/Src/stm32f4xx_it.c ****     /* USER CODE BEGIN W1_HardFault_IRQn 0 */
  98:Core/Src/stm32f4xx_it.c ****     /* USER CODE END W1_HardFault_IRQn 0 */
  99:Core/Src/stm32f4xx_it.c ****   }
  60              		.loc 1 99 3 discriminator 1 view .LVU6
  95:Core/Src/stm32f4xx_it.c ****   {
  61              		.loc 1 95 9 discriminator 1 view .LVU7
  62 0000 FEE7     		b	.L4
  63              		.cfi_endproc
  64              	.LFE236:
  66              		.section	.text.MemManage_Handler,"ax",%progbits
  67              		.align	1
  68              		.global	MemManage_Handler
  69              		.syntax unified
  70              		.thumb
  71              		.thumb_func
  73              	MemManage_Handler:
  74              	.LFB237:
 100:Core/Src/stm32f4xx_it.c **** }
ARM GAS  C:\Users\ZongYo\AppData\Local\Temp\cck6l0qQ.s 			page 4


 101:Core/Src/stm32f4xx_it.c **** 
 102:Core/Src/stm32f4xx_it.c **** /**
 103:Core/Src/stm32f4xx_it.c ****   * @brief This function handles Memory management fault.
 104:Core/Src/stm32f4xx_it.c ****   */
 105:Core/Src/stm32f4xx_it.c **** void MemManage_Handler(void)
 106:Core/Src/stm32f4xx_it.c **** {
  75              		.loc 1 106 1 view -0
  76              		.cfi_startproc
  77              		@ Volatile: function does not return.
  78              		@ args = 0, pretend = 0, frame = 0
  79              		@ frame_needed = 0, uses_anonymous_args = 0
  80              		@ link register save eliminated.
  81              	.L6:
 107:Core/Src/stm32f4xx_it.c ****   /* USER CODE BEGIN MemoryManagement_IRQn 0 */
 108:Core/Src/stm32f4xx_it.c **** 
 109:Core/Src/stm32f4xx_it.c ****   /* USER CODE END MemoryManagement_IRQn 0 */
 110:Core/Src/stm32f4xx_it.c ****   while (1)
  82              		.loc 1 110 3 discriminator 1 view .LVU9
 111:Core/Src/stm32f4xx_it.c ****   {
 112:Core/Src/stm32f4xx_it.c ****     /* USER CODE BEGIN W1_MemoryManagement_IRQn 0 */
 113:Core/Src/stm32f4xx_it.c ****     /* USER CODE END W1_MemoryManagement_IRQn 0 */
 114:Core/Src/stm32f4xx_it.c ****   }
  83              		.loc 1 114 3 discriminator 1 view .LVU10
 110:Core/Src/stm32f4xx_it.c ****   {
  84              		.loc 1 110 9 discriminator 1 view .LVU11
  85 0000 FEE7     		b	.L6
  86              		.cfi_endproc
  87              	.LFE237:
  89              		.section	.text.BusFault_Handler,"ax",%progbits
  90              		.align	1
  91              		.global	BusFault_Handler
  92              		.syntax unified
  93              		.thumb
  94              		.thumb_func
  96              	BusFault_Handler:
  97              	.LFB238:
 115:Core/Src/stm32f4xx_it.c **** }
 116:Core/Src/stm32f4xx_it.c **** 
 117:Core/Src/stm32f4xx_it.c **** /**
 118:Core/Src/stm32f4xx_it.c ****   * @brief This function handles Pre-fetch fault, memory access fault.
 119:Core/Src/stm32f4xx_it.c ****   */
 120:Core/Src/stm32f4xx_it.c **** void BusFault_Handler(void)
 121:Core/Src/stm32f4xx_it.c **** {
  98              		.loc 1 121 1 view -0
  99              		.cfi_startproc
 100              		@ Volatile: function does not return.
 101              		@ args = 0, pretend = 0, frame = 0
 102              		@ frame_needed = 0, uses_anonymous_args = 0
 103              		@ link register save eliminated.
 104              	.L8:
 122:Core/Src/stm32f4xx_it.c ****   /* USER CODE BEGIN BusFault_IRQn 0 */
 123:Core/Src/stm32f4xx_it.c **** 
 124:Core/Src/stm32f4xx_it.c ****   /* USER CODE END BusFault_IRQn 0 */
 125:Core/Src/stm32f4xx_it.c ****   while (1)
 105              		.loc 1 125 3 discriminator 1 view .LVU13
 126:Core/Src/stm32f4xx_it.c ****   {
 127:Core/Src/stm32f4xx_it.c ****     /* USER CODE BEGIN W1_BusFault_IRQn 0 */
ARM GAS  C:\Users\ZongYo\AppData\Local\Temp\cck6l0qQ.s 			page 5


 128:Core/Src/stm32f4xx_it.c ****     /* USER CODE END W1_BusFault_IRQn 0 */
 129:Core/Src/stm32f4xx_it.c ****   }
 106              		.loc 1 129 3 discriminator 1 view .LVU14
 125:Core/Src/stm32f4xx_it.c ****   {
 107              		.loc 1 125 9 discriminator 1 view .LVU15
 108 0000 FEE7     		b	.L8
 109              		.cfi_endproc
 110              	.LFE238:
 112              		.section	.text.UsageFault_Handler,"ax",%progbits
 113              		.align	1
 114              		.global	UsageFault_Handler
 115              		.syntax unified
 116              		.thumb
 117              		.thumb_func
 119              	UsageFault_Handler:
 120              	.LFB239:
 130:Core/Src/stm32f4xx_it.c **** }
 131:Core/Src/stm32f4xx_it.c **** 
 132:Core/Src/stm32f4xx_it.c **** /**
 133:Core/Src/stm32f4xx_it.c ****   * @brief This function handles Undefined instruction or illegal state.
 134:Core/Src/stm32f4xx_it.c ****   */
 135:Core/Src/stm32f4xx_it.c **** void UsageFault_Handler(void)
 136:Core/Src/stm32f4xx_it.c **** {
 121              		.loc 1 136 1 view -0
 122              		.cfi_startproc
 123              		@ Volatile: function does not return.
 124              		@ args = 0, pretend = 0, frame = 0
 125              		@ frame_needed = 0, uses_anonymous_args = 0
 126              		@ link register save eliminated.
 127              	.L10:
 137:Core/Src/stm32f4xx_it.c ****   /* USER CODE BEGIN UsageFault_IRQn 0 */
 138:Core/Src/stm32f4xx_it.c **** 
 139:Core/Src/stm32f4xx_it.c ****   /* USER CODE END UsageFault_IRQn 0 */
 140:Core/Src/stm32f4xx_it.c ****   while (1)
 128              		.loc 1 140 3 discriminator 1 view .LVU17
 141:Core/Src/stm32f4xx_it.c ****   {
 142:Core/Src/stm32f4xx_it.c ****     /* USER CODE BEGIN W1_UsageFault_IRQn 0 */
 143:Core/Src/stm32f4xx_it.c ****     /* USER CODE END W1_UsageFault_IRQn 0 */
 144:Core/Src/stm32f4xx_it.c ****   }
 129              		.loc 1 144 3 discriminator 1 view .LVU18
 140:Core/Src/stm32f4xx_it.c ****   {
 130              		.loc 1 140 9 discriminator 1 view .LVU19
 131 0000 FEE7     		b	.L10
 132              		.cfi_endproc
 133              	.LFE239:
 135              		.section	.text.SVC_Handler,"ax",%progbits
 136              		.align	1
 137              		.global	SVC_Handler
 138              		.syntax unified
 139              		.thumb
 140              		.thumb_func
 142              	SVC_Handler:
 143              	.LFB240:
 145:Core/Src/stm32f4xx_it.c **** }
 146:Core/Src/stm32f4xx_it.c **** 
 147:Core/Src/stm32f4xx_it.c **** /**
 148:Core/Src/stm32f4xx_it.c ****   * @brief This function handles System service call via SWI instruction.
ARM GAS  C:\Users\ZongYo\AppData\Local\Temp\cck6l0qQ.s 			page 6


 149:Core/Src/stm32f4xx_it.c ****   */
 150:Core/Src/stm32f4xx_it.c **** void SVC_Handler(void)
 151:Core/Src/stm32f4xx_it.c **** {
 144              		.loc 1 151 1 view -0
 145              		.cfi_startproc
 146              		@ args = 0, pretend = 0, frame = 0
 147              		@ frame_needed = 0, uses_anonymous_args = 0
 148              		@ link register save eliminated.
 152:Core/Src/stm32f4xx_it.c ****   /* USER CODE BEGIN SVCall_IRQn 0 */
 153:Core/Src/stm32f4xx_it.c **** 
 154:Core/Src/stm32f4xx_it.c ****   /* USER CODE END SVCall_IRQn 0 */
 155:Core/Src/stm32f4xx_it.c ****   /* USER CODE BEGIN SVCall_IRQn 1 */
 156:Core/Src/stm32f4xx_it.c **** 
 157:Core/Src/stm32f4xx_it.c ****   /* USER CODE END SVCall_IRQn 1 */
 158:Core/Src/stm32f4xx_it.c **** }
 149              		.loc 1 158 1 view .LVU21
 150 0000 7047     		bx	lr
 151              		.cfi_endproc
 152              	.LFE240:
 154              		.section	.text.DebugMon_Handler,"ax",%progbits
 155              		.align	1
 156              		.global	DebugMon_Handler
 157              		.syntax unified
 158              		.thumb
 159              		.thumb_func
 161              	DebugMon_Handler:
 162              	.LFB241:
 159:Core/Src/stm32f4xx_it.c **** 
 160:Core/Src/stm32f4xx_it.c **** /**
 161:Core/Src/stm32f4xx_it.c ****   * @brief This function handles Debug monitor.
 162:Core/Src/stm32f4xx_it.c ****   */
 163:Core/Src/stm32f4xx_it.c **** void DebugMon_Handler(void)
 164:Core/Src/stm32f4xx_it.c **** {
 163              		.loc 1 164 1 view -0
 164              		.cfi_startproc
 165              		@ args = 0, pretend = 0, frame = 0
 166              		@ frame_needed = 0, uses_anonymous_args = 0
 167              		@ link register save eliminated.
 165:Core/Src/stm32f4xx_it.c ****   /* USER CODE BEGIN DebugMonitor_IRQn 0 */
 166:Core/Src/stm32f4xx_it.c **** 
 167:Core/Src/stm32f4xx_it.c ****   /* USER CODE END DebugMonitor_IRQn 0 */
 168:Core/Src/stm32f4xx_it.c ****   /* USER CODE BEGIN DebugMonitor_IRQn 1 */
 169:Core/Src/stm32f4xx_it.c **** 
 170:Core/Src/stm32f4xx_it.c ****   /* USER CODE END DebugMonitor_IRQn 1 */
 171:Core/Src/stm32f4xx_it.c **** }
 168              		.loc 1 171 1 view .LVU23
 169 0000 7047     		bx	lr
 170              		.cfi_endproc
 171              	.LFE241:
 173              		.section	.text.PendSV_Handler,"ax",%progbits
 174              		.align	1
 175              		.global	PendSV_Handler
 176              		.syntax unified
 177              		.thumb
 178              		.thumb_func
 180              	PendSV_Handler:
 181              	.LFB242:
ARM GAS  C:\Users\ZongYo\AppData\Local\Temp\cck6l0qQ.s 			page 7


 172:Core/Src/stm32f4xx_it.c **** 
 173:Core/Src/stm32f4xx_it.c **** /**
 174:Core/Src/stm32f4xx_it.c ****   * @brief This function handles Pendable request for system service.
 175:Core/Src/stm32f4xx_it.c ****   */
 176:Core/Src/stm32f4xx_it.c **** void PendSV_Handler(void)
 177:Core/Src/stm32f4xx_it.c **** {
 182              		.loc 1 177 1 view -0
 183              		.cfi_startproc
 184              		@ args = 0, pretend = 0, frame = 0
 185              		@ frame_needed = 0, uses_anonymous_args = 0
 186              		@ link register save eliminated.
 178:Core/Src/stm32f4xx_it.c ****   /* USER CODE BEGIN PendSV_IRQn 0 */
 179:Core/Src/stm32f4xx_it.c **** 
 180:Core/Src/stm32f4xx_it.c ****   /* USER CODE END PendSV_IRQn 0 */
 181:Core/Src/stm32f4xx_it.c ****   /* USER CODE BEGIN PendSV_IRQn 1 */
 182:Core/Src/stm32f4xx_it.c **** 
 183:Core/Src/stm32f4xx_it.c ****   /* USER CODE END PendSV_IRQn 1 */
 184:Core/Src/stm32f4xx_it.c **** }
 187              		.loc 1 184 1 view .LVU25
 188 0000 7047     		bx	lr
 189              		.cfi_endproc
 190              	.LFE242:
 192              		.section	.text.SysTick_Handler,"ax",%progbits
 193              		.align	1
 194              		.global	SysTick_Handler
 195              		.syntax unified
 196              		.thumb
 197              		.thumb_func
 199              	SysTick_Handler:
 200              	.LFB243:
 185:Core/Src/stm32f4xx_it.c **** 
 186:Core/Src/stm32f4xx_it.c **** /**
 187:Core/Src/stm32f4xx_it.c ****   * @brief This function handles System tick timer.
 188:Core/Src/stm32f4xx_it.c ****   */
 189:Core/Src/stm32f4xx_it.c **** void SysTick_Handler(void)
 190:Core/Src/stm32f4xx_it.c **** {
 201              		.loc 1 190 1 view -0
 202              		.cfi_startproc
 203              		@ args = 0, pretend = 0, frame = 0
 204              		@ frame_needed = 0, uses_anonymous_args = 0
 205 0000 08B5     		push	{r3, lr}
 206              	.LCFI0:
 207              		.cfi_def_cfa_offset 8
 208              		.cfi_offset 3, -8
 209              		.cfi_offset 14, -4
 191:Core/Src/stm32f4xx_it.c ****   /* USER CODE BEGIN SysTick_IRQn 0 */
 192:Core/Src/stm32f4xx_it.c **** 
 193:Core/Src/stm32f4xx_it.c ****   /* USER CODE END SysTick_IRQn 0 */
 194:Core/Src/stm32f4xx_it.c ****   HAL_IncTick();
 210              		.loc 1 194 3 view .LVU27
 211 0002 FFF7FEFF 		bl	HAL_IncTick
 212              	.LVL0:
 195:Core/Src/stm32f4xx_it.c ****   /* USER CODE BEGIN SysTick_IRQn 1 */
 196:Core/Src/stm32f4xx_it.c **** 
 197:Core/Src/stm32f4xx_it.c ****   /* USER CODE END SysTick_IRQn 1 */
 198:Core/Src/stm32f4xx_it.c **** }
 213              		.loc 1 198 1 is_stmt 0 view .LVU28
ARM GAS  C:\Users\ZongYo\AppData\Local\Temp\cck6l0qQ.s 			page 8


 214 0006 08BD     		pop	{r3, pc}
 215              		.cfi_endproc
 216              	.LFE243:
 218              		.section	.text.ADC_IRQHandler,"ax",%progbits
 219              		.align	1
 220              		.global	ADC_IRQHandler
 221              		.syntax unified
 222              		.thumb
 223              		.thumb_func
 225              	ADC_IRQHandler:
 226              	.LFB244:
 199:Core/Src/stm32f4xx_it.c **** 
 200:Core/Src/stm32f4xx_it.c **** /******************************************************************************/
 201:Core/Src/stm32f4xx_it.c **** /* STM32F4xx Peripheral Interrupt Handlers                                    */
 202:Core/Src/stm32f4xx_it.c **** /* Add here the Interrupt Handlers for the used peripherals.                  */
 203:Core/Src/stm32f4xx_it.c **** /* For the available peripheral interrupt handler names,                      */
 204:Core/Src/stm32f4xx_it.c **** /* please refer to the startup file (startup_stm32f4xx.s).                    */
 205:Core/Src/stm32f4xx_it.c **** /******************************************************************************/
 206:Core/Src/stm32f4xx_it.c **** 
 207:Core/Src/stm32f4xx_it.c **** /**
 208:Core/Src/stm32f4xx_it.c ****   * @brief This function handles ADC1, ADC2 and ADC3 interrupts.
 209:Core/Src/stm32f4xx_it.c ****   */
 210:Core/Src/stm32f4xx_it.c **** void ADC_IRQHandler(void)
 211:Core/Src/stm32f4xx_it.c **** {
 227              		.loc 1 211 1 is_stmt 1 view -0
 228              		.cfi_startproc
 229              		@ args = 0, pretend = 0, frame = 0
 230              		@ frame_needed = 0, uses_anonymous_args = 0
 231 0000 08B5     		push	{r3, lr}
 232              	.LCFI1:
 233              		.cfi_def_cfa_offset 8
 234              		.cfi_offset 3, -8
 235              		.cfi_offset 14, -4
 212:Core/Src/stm32f4xx_it.c ****   /* USER CODE BEGIN ADC_IRQn 0 */
 213:Core/Src/stm32f4xx_it.c **** 
 214:Core/Src/stm32f4xx_it.c ****   /* USER CODE END ADC_IRQn 0 */
 215:Core/Src/stm32f4xx_it.c ****   HAL_ADC_IRQHandler(&hadc1);
 236              		.loc 1 215 3 view .LVU30
 237 0002 0548     		ldr	r0, .L18
 238 0004 FFF7FEFF 		bl	HAL_ADC_IRQHandler
 239              	.LVL1:
 216:Core/Src/stm32f4xx_it.c ****   HAL_ADC_IRQHandler(&hadc2);
 240              		.loc 1 216 3 view .LVU31
 241 0008 0448     		ldr	r0, .L18+4
 242 000a FFF7FEFF 		bl	HAL_ADC_IRQHandler
 243              	.LVL2:
 217:Core/Src/stm32f4xx_it.c ****   HAL_ADC_IRQHandler(&hadc3);
 244              		.loc 1 217 3 view .LVU32
 245 000e 0448     		ldr	r0, .L18+8
 246 0010 FFF7FEFF 		bl	HAL_ADC_IRQHandler
 247              	.LVL3:
 218:Core/Src/stm32f4xx_it.c ****   /* USER CODE BEGIN ADC_IRQn 1 */
 219:Core/Src/stm32f4xx_it.c **** 
 220:Core/Src/stm32f4xx_it.c ****   /* USER CODE END ADC_IRQn 1 */
 221:Core/Src/stm32f4xx_it.c **** }
 248              		.loc 1 221 1 is_stmt 0 view .LVU33
 249 0014 08BD     		pop	{r3, pc}
ARM GAS  C:\Users\ZongYo\AppData\Local\Temp\cck6l0qQ.s 			page 9


 250              	.L19:
 251 0016 00BF     		.align	2
 252              	.L18:
 253 0018 00000000 		.word	hadc1
 254 001c 00000000 		.word	hadc2
 255 0020 00000000 		.word	hadc3
 256              		.cfi_endproc
 257              	.LFE244:
 259              		.section	.text.TIM3_IRQHandler,"ax",%progbits
 260              		.align	1
 261              		.global	TIM3_IRQHandler
 262              		.syntax unified
 263              		.thumb
 264              		.thumb_func
 266              	TIM3_IRQHandler:
 267              	.LFB245:
 222:Core/Src/stm32f4xx_it.c **** 
 223:Core/Src/stm32f4xx_it.c **** /**
 224:Core/Src/stm32f4xx_it.c ****   * @brief This function handles TIM3 global interrupt.
 225:Core/Src/stm32f4xx_it.c ****   */
 226:Core/Src/stm32f4xx_it.c **** void TIM3_IRQHandler(void)
 227:Core/Src/stm32f4xx_it.c **** {
 268              		.loc 1 227 1 is_stmt 1 view -0
 269              		.cfi_startproc
 270              		@ args = 0, pretend = 0, frame = 0
 271              		@ frame_needed = 0, uses_anonymous_args = 0
 272 0000 08B5     		push	{r3, lr}
 273              	.LCFI2:
 274              		.cfi_def_cfa_offset 8
 275              		.cfi_offset 3, -8
 276              		.cfi_offset 14, -4
 228:Core/Src/stm32f4xx_it.c ****   /* USER CODE BEGIN TIM3_IRQn 0 */
 229:Core/Src/stm32f4xx_it.c ****   
 230:Core/Src/stm32f4xx_it.c ****   /* USER CODE END TIM3_IRQn 0 */
 231:Core/Src/stm32f4xx_it.c ****   HAL_TIM_IRQHandler(&htim3);
 277              		.loc 1 231 3 view .LVU35
 278 0002 0248     		ldr	r0, .L22
 279 0004 FFF7FEFF 		bl	HAL_TIM_IRQHandler
 280              	.LVL4:
 232:Core/Src/stm32f4xx_it.c ****   /* USER CODE BEGIN TIM3_IRQn 1 */
 233:Core/Src/stm32f4xx_it.c **** 
 234:Core/Src/stm32f4xx_it.c ****   /* USER CODE END TIM3_IRQn 1 */
 235:Core/Src/stm32f4xx_it.c **** }
 281              		.loc 1 235 1 is_stmt 0 view .LVU36
 282 0008 08BD     		pop	{r3, pc}
 283              	.L23:
 284 000a 00BF     		.align	2
 285              	.L22:
 286 000c 00000000 		.word	htim3
 287              		.cfi_endproc
 288              	.LFE245:
 290              		.section	.text.DMA2_Stream0_IRQHandler,"ax",%progbits
 291              		.align	1
 292              		.global	DMA2_Stream0_IRQHandler
 293              		.syntax unified
 294              		.thumb
 295              		.thumb_func
ARM GAS  C:\Users\ZongYo\AppData\Local\Temp\cck6l0qQ.s 			page 10


 297              	DMA2_Stream0_IRQHandler:
 298              	.LFB246:
 236:Core/Src/stm32f4xx_it.c **** 
 237:Core/Src/stm32f4xx_it.c **** /**
 238:Core/Src/stm32f4xx_it.c ****   * @brief This function handles DMA2 stream0 global interrupt.
 239:Core/Src/stm32f4xx_it.c ****   */
 240:Core/Src/stm32f4xx_it.c **** void DMA2_Stream0_IRQHandler(void)
 241:Core/Src/stm32f4xx_it.c **** {
 299              		.loc 1 241 1 is_stmt 1 view -0
 300              		.cfi_startproc
 301              		@ args = 0, pretend = 0, frame = 0
 302              		@ frame_needed = 0, uses_anonymous_args = 0
 303 0000 08B5     		push	{r3, lr}
 304              	.LCFI3:
 305              		.cfi_def_cfa_offset 8
 306              		.cfi_offset 3, -8
 307              		.cfi_offset 14, -4
 242:Core/Src/stm32f4xx_it.c ****   /* USER CODE BEGIN DMA2_Stream0_IRQn 0 */
 243:Core/Src/stm32f4xx_it.c **** 
 244:Core/Src/stm32f4xx_it.c ****   /* USER CODE END DMA2_Stream0_IRQn 0 */
 245:Core/Src/stm32f4xx_it.c ****   HAL_DMA_IRQHandler(&hdma_adc1);
 308              		.loc 1 245 3 view .LVU38
 309 0002 0248     		ldr	r0, .L26
 310 0004 FFF7FEFF 		bl	HAL_DMA_IRQHandler
 311              	.LVL5:
 246:Core/Src/stm32f4xx_it.c ****   /* USER CODE BEGIN DMA2_Stream0_IRQn 1 */
 247:Core/Src/stm32f4xx_it.c **** 
 248:Core/Src/stm32f4xx_it.c ****   /* USER CODE END DMA2_Stream0_IRQn 1 */
 249:Core/Src/stm32f4xx_it.c **** }
 312              		.loc 1 249 1 is_stmt 0 view .LVU39
 313 0008 08BD     		pop	{r3, pc}
 314              	.L27:
 315 000a 00BF     		.align	2
 316              	.L26:
 317 000c 00000000 		.word	hdma_adc1
 318              		.cfi_endproc
 319              	.LFE246:
 321              		.section	.text.DMA2_Stream1_IRQHandler,"ax",%progbits
 322              		.align	1
 323              		.global	DMA2_Stream1_IRQHandler
 324              		.syntax unified
 325              		.thumb
 326              		.thumb_func
 328              	DMA2_Stream1_IRQHandler:
 329              	.LFB247:
 250:Core/Src/stm32f4xx_it.c **** 
 251:Core/Src/stm32f4xx_it.c **** /**
 252:Core/Src/stm32f4xx_it.c ****   * @brief This function handles DMA2 stream1 global interrupt.
 253:Core/Src/stm32f4xx_it.c ****   */
 254:Core/Src/stm32f4xx_it.c **** void DMA2_Stream1_IRQHandler(void)
 255:Core/Src/stm32f4xx_it.c **** {
 330              		.loc 1 255 1 is_stmt 1 view -0
 331              		.cfi_startproc
 332              		@ args = 0, pretend = 0, frame = 0
 333              		@ frame_needed = 0, uses_anonymous_args = 0
 334 0000 08B5     		push	{r3, lr}
 335              	.LCFI4:
ARM GAS  C:\Users\ZongYo\AppData\Local\Temp\cck6l0qQ.s 			page 11


 336              		.cfi_def_cfa_offset 8
 337              		.cfi_offset 3, -8
 338              		.cfi_offset 14, -4
 256:Core/Src/stm32f4xx_it.c ****   /* USER CODE BEGIN DMA2_Stream1_IRQn 0 */
 257:Core/Src/stm32f4xx_it.c **** 
 258:Core/Src/stm32f4xx_it.c ****   /* USER CODE END DMA2_Stream1_IRQn 0 */
 259:Core/Src/stm32f4xx_it.c ****   HAL_DMA_IRQHandler(&hdma_adc3);
 339              		.loc 1 259 3 view .LVU41
 340 0002 0248     		ldr	r0, .L30
 341 0004 FFF7FEFF 		bl	HAL_DMA_IRQHandler
 342              	.LVL6:
 260:Core/Src/stm32f4xx_it.c ****   /* USER CODE BEGIN DMA2_Stream1_IRQn 1 */
 261:Core/Src/stm32f4xx_it.c **** 
 262:Core/Src/stm32f4xx_it.c ****   /* USER CODE END DMA2_Stream1_IRQn 1 */
 263:Core/Src/stm32f4xx_it.c **** }
 343              		.loc 1 263 1 is_stmt 0 view .LVU42
 344 0008 08BD     		pop	{r3, pc}
 345              	.L31:
 346 000a 00BF     		.align	2
 347              	.L30:
 348 000c 00000000 		.word	hdma_adc3
 349              		.cfi_endproc
 350              	.LFE247:
 352              		.section	.text.DMA2_Stream2_IRQHandler,"ax",%progbits
 353              		.align	1
 354              		.global	DMA2_Stream2_IRQHandler
 355              		.syntax unified
 356              		.thumb
 357              		.thumb_func
 359              	DMA2_Stream2_IRQHandler:
 360              	.LFB248:
 264:Core/Src/stm32f4xx_it.c **** 
 265:Core/Src/stm32f4xx_it.c **** /**
 266:Core/Src/stm32f4xx_it.c ****   * @brief This function handles DMA2 stream2 global interrupt.
 267:Core/Src/stm32f4xx_it.c ****   */
 268:Core/Src/stm32f4xx_it.c **** void DMA2_Stream2_IRQHandler(void)
 269:Core/Src/stm32f4xx_it.c **** {
 361              		.loc 1 269 1 is_stmt 1 view -0
 362              		.cfi_startproc
 363              		@ args = 0, pretend = 0, frame = 0
 364              		@ frame_needed = 0, uses_anonymous_args = 0
 365 0000 08B5     		push	{r3, lr}
 366              	.LCFI5:
 367              		.cfi_def_cfa_offset 8
 368              		.cfi_offset 3, -8
 369              		.cfi_offset 14, -4
 270:Core/Src/stm32f4xx_it.c ****   /* USER CODE BEGIN DMA2_Stream2_IRQn 0 */
 271:Core/Src/stm32f4xx_it.c **** 
 272:Core/Src/stm32f4xx_it.c ****   /* USER CODE END DMA2_Stream2_IRQn 0 */
 273:Core/Src/stm32f4xx_it.c ****   HAL_DMA_IRQHandler(&hdma_adc2);
 370              		.loc 1 273 3 view .LVU44
 371 0002 0248     		ldr	r0, .L34
 372 0004 FFF7FEFF 		bl	HAL_DMA_IRQHandler
 373              	.LVL7:
 274:Core/Src/stm32f4xx_it.c ****   /* USER CODE BEGIN DMA2_Stream2_IRQn 1 */
 275:Core/Src/stm32f4xx_it.c **** 
 276:Core/Src/stm32f4xx_it.c ****   /* USER CODE END DMA2_Stream2_IRQn 1 */
ARM GAS  C:\Users\ZongYo\AppData\Local\Temp\cck6l0qQ.s 			page 12


 277:Core/Src/stm32f4xx_it.c **** }
 374              		.loc 1 277 1 is_stmt 0 view .LVU45
 375 0008 08BD     		pop	{r3, pc}
 376              	.L35:
 377 000a 00BF     		.align	2
 378              	.L34:
 379 000c 00000000 		.word	hdma_adc2
 380              		.cfi_endproc
 381              	.LFE248:
 383              		.text
 384              	.Letext0:
 385              		.file 2 "c:\\users\\zongyo\\documents\\gcc-arm-none-eabi-10.3-2021.10\\arm-none-eabi\\include\\mac
 386              		.file 3 "c:\\users\\zongyo\\documents\\gcc-arm-none-eabi-10.3-2021.10\\arm-none-eabi\\include\\sys
 387              		.file 4 "Drivers/CMSIS/Device/ST/STM32F4xx/Include/stm32f446xx.h"
 388              		.file 5 "Drivers/CMSIS/Device/ST/STM32F4xx/Include/stm32f4xx.h"
 389              		.file 6 "Drivers/STM32F4xx_HAL_Driver/Inc/stm32f4xx_hal_def.h"
 390              		.file 7 "Drivers/STM32F4xx_HAL_Driver/Inc/stm32f4xx_hal_dma.h"
 391              		.file 8 "Drivers/STM32F4xx_HAL_Driver/Inc/stm32f4xx_hal_adc.h"
 392              		.file 9 "Drivers/STM32F4xx_HAL_Driver/Inc/stm32f4xx_hal_tim.h"
 393              		.file 10 "Drivers/STM32F4xx_HAL_Driver/Inc/stm32f4xx_hal.h"
ARM GAS  C:\Users\ZongYo\AppData\Local\Temp\cck6l0qQ.s 			page 13


DEFINED SYMBOLS
                            *ABS*:00000000 stm32f4xx_it.c
C:\Users\ZongYo\AppData\Local\Temp\cck6l0qQ.s:20     .text.NMI_Handler:00000000 $t
C:\Users\ZongYo\AppData\Local\Temp\cck6l0qQ.s:26     .text.NMI_Handler:00000000 NMI_Handler
C:\Users\ZongYo\AppData\Local\Temp\cck6l0qQ.s:44     .text.HardFault_Handler:00000000 $t
C:\Users\ZongYo\AppData\Local\Temp\cck6l0qQ.s:50     .text.HardFault_Handler:00000000 HardFault_Handler
C:\Users\ZongYo\AppData\Local\Temp\cck6l0qQ.s:67     .text.MemManage_Handler:00000000 $t
C:\Users\ZongYo\AppData\Local\Temp\cck6l0qQ.s:73     .text.MemManage_Handler:00000000 MemManage_Handler
C:\Users\ZongYo\AppData\Local\Temp\cck6l0qQ.s:90     .text.BusFault_Handler:00000000 $t
C:\Users\ZongYo\AppData\Local\Temp\cck6l0qQ.s:96     .text.BusFault_Handler:00000000 BusFault_Handler
C:\Users\ZongYo\AppData\Local\Temp\cck6l0qQ.s:113    .text.UsageFault_Handler:00000000 $t
C:\Users\ZongYo\AppData\Local\Temp\cck6l0qQ.s:119    .text.UsageFault_Handler:00000000 UsageFault_Handler
C:\Users\ZongYo\AppData\Local\Temp\cck6l0qQ.s:136    .text.SVC_Handler:00000000 $t
C:\Users\ZongYo\AppData\Local\Temp\cck6l0qQ.s:142    .text.SVC_Handler:00000000 SVC_Handler
C:\Users\ZongYo\AppData\Local\Temp\cck6l0qQ.s:155    .text.DebugMon_Handler:00000000 $t
C:\Users\ZongYo\AppData\Local\Temp\cck6l0qQ.s:161    .text.DebugMon_Handler:00000000 DebugMon_Handler
C:\Users\ZongYo\AppData\Local\Temp\cck6l0qQ.s:174    .text.PendSV_Handler:00000000 $t
C:\Users\ZongYo\AppData\Local\Temp\cck6l0qQ.s:180    .text.PendSV_Handler:00000000 PendSV_Handler
C:\Users\ZongYo\AppData\Local\Temp\cck6l0qQ.s:193    .text.SysTick_Handler:00000000 $t
C:\Users\ZongYo\AppData\Local\Temp\cck6l0qQ.s:199    .text.SysTick_Handler:00000000 SysTick_Handler
C:\Users\ZongYo\AppData\Local\Temp\cck6l0qQ.s:219    .text.ADC_IRQHandler:00000000 $t
C:\Users\ZongYo\AppData\Local\Temp\cck6l0qQ.s:225    .text.ADC_IRQHandler:00000000 ADC_IRQHandler
C:\Users\ZongYo\AppData\Local\Temp\cck6l0qQ.s:253    .text.ADC_IRQHandler:00000018 $d
C:\Users\ZongYo\AppData\Local\Temp\cck6l0qQ.s:260    .text.TIM3_IRQHandler:00000000 $t
C:\Users\ZongYo\AppData\Local\Temp\cck6l0qQ.s:266    .text.TIM3_IRQHandler:00000000 TIM3_IRQHandler
C:\Users\ZongYo\AppData\Local\Temp\cck6l0qQ.s:286    .text.TIM3_IRQHandler:0000000c $d
C:\Users\ZongYo\AppData\Local\Temp\cck6l0qQ.s:291    .text.DMA2_Stream0_IRQHandler:00000000 $t
C:\Users\ZongYo\AppData\Local\Temp\cck6l0qQ.s:297    .text.DMA2_Stream0_IRQHandler:00000000 DMA2_Stream0_IRQHandler
C:\Users\ZongYo\AppData\Local\Temp\cck6l0qQ.s:317    .text.DMA2_Stream0_IRQHandler:0000000c $d
C:\Users\ZongYo\AppData\Local\Temp\cck6l0qQ.s:322    .text.DMA2_Stream1_IRQHandler:00000000 $t
C:\Users\ZongYo\AppData\Local\Temp\cck6l0qQ.s:328    .text.DMA2_Stream1_IRQHandler:00000000 DMA2_Stream1_IRQHandler
C:\Users\ZongYo\AppData\Local\Temp\cck6l0qQ.s:348    .text.DMA2_Stream1_IRQHandler:0000000c $d
C:\Users\ZongYo\AppData\Local\Temp\cck6l0qQ.s:353    .text.DMA2_Stream2_IRQHandler:00000000 $t
C:\Users\ZongYo\AppData\Local\Temp\cck6l0qQ.s:359    .text.DMA2_Stream2_IRQHandler:00000000 DMA2_Stream2_IRQHandler
C:\Users\ZongYo\AppData\Local\Temp\cck6l0qQ.s:379    .text.DMA2_Stream2_IRQHandler:0000000c $d

UNDEFINED SYMBOLS
HAL_IncTick
HAL_ADC_IRQHandler
hadc1
hadc2
hadc3
HAL_TIM_IRQHandler
htim3
HAL_DMA_IRQHandler
hdma_adc1
hdma_adc3
hdma_adc2
